{"meta": {"format": 3, "version": "7.13.1", "timestamp": "2026-01-05T11:13:21.055358", "branch_coverage": true, "show_contexts": false}, "files": {"src\\ckpttnpy\\FMBiConstrMgr.py": {"executed_lines": [1, 4, 9, 25], "summary": {"covered_lines": 4, "num_statements": 4, "percent_covered": 100.0, "percent_covered_display": "100", "missing_lines": 0, "excluded_lines": 0, "percent_statements_covered": 100.0, "percent_statements_covered_display": "100", "num_branches": 0, "num_partial_branches": 0, "covered_branches": 0, "missing_branches": 0, "percent_branches_covered": 100.0, "percent_branches_covered_display": "100"}, "missing_lines": [], "excluded_lines": [], "executed_branches": [], "missing_branches": [], "functions": {"FMBiConstrMgr.select_togo": {"executed_lines": [25], "summary": {"covered_lines": 1, "num_statements": 1, "percent_covered": 100.0, "percent_covered_display": "100", "missing_lines": 0, "excluded_lines": 0, "percent_statements_covered": 100.0, "percent_statements_covered_display": "100", "num_branches": 0, "num_partial_branches": 0, "covered_branches": 0, "missing_branches": 0, "percent_branches_covered": 100.0, "percent_branches_covered_display": "100"}, "missing_lines": [], "excluded_lines": [], "start_line": 9, "executed_branches": [], "missing_branches": []}, "": {"executed_lines": [1, 4, 9], "summary": {"covered_lines": 3, "num_statements": 3, "percent_covered": 100.0, "percent_covered_display": "100", "missing_lines": 0, "excluded_lines": 0, "percent_statements_covered": 100.0, "percent_statements_covered_display": "100", "num_branches": 0, "num_partial_branches": 0, "covered_branches": 0, "missing_branches": 0, "percent_branches_covered": 100.0, "percent_branches_covered_display": "100"}, "missing_lines": [], "excluded_lines": [], "start_line": 1, "executed_branches": [], "missing_branches": []}}, "classes": {"FMBiConstrMgr": {"executed_lines": [25], "summary": {"covered_lines": 1, "num_statements": 1, "percent_covered": 100.0, "percent_covered_display": "100", "missing_lines": 0, "excluded_lines": 0, "percent_statements_covered": 100.0, "percent_statements_covered_display": "100", "num_branches": 0, "num_partial_branches": 0, "covered_branches": 0, "missing_branches": 0, "percent_branches_covered": 100.0, "percent_branches_covered_display": "100"}, "missing_lines": [], "excluded_lines": [], "start_line": 4, "executed_branches": [], "missing_branches": []}, "": {"executed_lines": [1, 4, 9], "summary": {"covered_lines": 3, "num_statements": 3, "percent_covered": 100.0, "percent_covered_display": "100", "missing_lines": 0, "excluded_lines": 0, "percent_statements_covered": 100.0, "percent_statements_covered_display": "100", "num_branches": 0, "num_partial_branches": 0, "covered_branches": 0, "missing_branches": 0, "percent_branches_covered": 100.0, "percent_branches_covered_display": "100"}, "missing_lines": [], "excluded_lines": [], "start_line": 1, "executed_branches": [], "missing_branches": []}}}, "src\\ckpttnpy\\FMBiGainCalc.py": {"executed_lines": [50, 52, 53, 57, 60, 64, 68, 84, 85, 86, 87, 88, 92, 105, 106, 107, 108, 110, 111, 115, 128, 129, 130, 131, 132, 133, 134, 136, 138, 146, 148, 161, 162, 163, 164, 165, 166, 167, 168, 170, 171, 173, 188, 189, 190, 191, 192, 193, 194, 195, 196, 197, 198, 199, 200, 202, 203, 205, 219, 220, 221, 223, 225, 226, 228, 229, 230, 231, 232, 233, 234, 235, 236, 237, 239, 243, 245, 259, 260, 261, 262, 263, 264, 265, 266, 268, 276, 278, 290, 291, 292, 294, 296, 297, 299, 313, 314, 329, 330, 332, 334, 347, 348, 349, 350, 351, 352, 353, 355, 356, 364, 365, 366, 367, 375, 376, 377, 378, 379, 381], "summary": {"covered_lines": 120, "num_statements": 120, "percent_covered": 100.0, "percent_covered_display": "100", "missing_lines": 0, "excluded_lines": 1, "percent_statements_covered": 100.0, "percent_statements_covered_display": "100", "num_branches": 52, "num_partial_branches": 0, "covered_branches": 52, "missing_branches": 0, "percent_branches_covered": 100.0, "percent_branches_covered_display": "100"}, "missing_lines": [], "excluded_lines": [90], "executed_branches": [[85, 86], [85, 87], [106, 107], [106, 108], [108, 110], [108, 111], [129, 130], [129, 131], [131, 132], [131, 133], [133, 134], [133, 136], [165, 166], [165, 170], [193, 194], [193, 199], [194, 195], [194, 198], [195, 196], [195, 197], [199, 200], [199, 202], [220, 221], [220, 223], [225, 226], [225, 228], [228, -205], [228, 229], [229, 230], [229, 232], [230, 228], [230, 231], [232, 228], [232, 233], [235, 236], [235, 237], [296, 297], [296, 299], [299, 313], [299, 329], [349, 350], [349, 351], [355, 356], [355, 381], [356, 364], [356, 367], [364, 365], [364, 366], [367, 375], [367, 379], [376, 377], [376, 378]], "missing_branches": [], "functions": {"FMBiGainCalc.__init__": {"executed_lines": [84, 85, 86, 87, 88], "summary": {"covered_lines": 5, "num_statements": 5, "percent_covered": 100.0, "percent_covered_display": "100", "missing_lines": 0, "excluded_lines": 1, "percent_statements_covered": 100.0, "percent_statements_covered_display": "100", "num_branches": 2, "num_partial_branches": 0, "covered_branches": 2, "missing_branches": 0, "percent_branches_covered": 100.0, "percent_branches_covered_display": "100"}, "missing_lines": [], "excluded_lines": [90], "start_line": 68, "executed_branches": [[85, 86], [85, 87]], "missing_branches": []}, "FMBiGainCalc.init": {"executed_lines": [105, 106, 107, 108, 110, 111], "summary": {"covered_lines": 6, "num_statements": 6, "percent_covered": 100.0, "percent_covered_display": "100", "missing_lines": 0, "excluded_lines": 0, "percent_statements_covered": 100.0, "percent_statements_covered_display": "100", "num_branches": 4, "num_partial_branches": 0, "covered_branches": 4, "missing_branches": 0, "percent_branches_covered": 100.0, "percent_branches_covered_display": "100"}, "missing_lines": [], "excluded_lines": [], "start_line": 92, "executed_branches": [[106, 107], [106, 108], [108, 110], [108, 111]], "missing_branches": []}, "FMBiGainCalc._init_gain": {"executed_lines": [128, 129, 130, 131, 132, 133, 134, 136], "summary": {"covered_lines": 8, "num_statements": 8, "percent_covered": 100.0, "percent_covered_display": "100", "missing_lines": 0, "excluded_lines": 0, "percent_statements_covered": 100.0, "percent_statements_covered_display": "100", "num_branches": 6, "num_partial_branches": 0, "covered_branches": 6, "missing_branches": 0, "percent_branches_covered": 100.0, "percent_branches_covered_display": "100"}, "missing_lines": [], "excluded_lines": [], "start_line": 115, "executed_branches": [[129, 130], [129, 131], [131, 132], [131, 133], [133, 134], [133, 136]], "missing_branches": []}, "FMBiGainCalc._modify_gain": {"executed_lines": [146], "summary": {"covered_lines": 1, "num_statements": 1, "percent_covered": 100.0, "percent_covered_display": "100", "missing_lines": 0, "excluded_lines": 0, "percent_statements_covered": 100.0, "percent_statements_covered_display": "100", "num_branches": 0, "num_partial_branches": 0, "covered_branches": 0, "missing_branches": 0, "percent_branches_covered": 100.0, "percent_branches_covered_display": "100"}, "missing_lines": [], "excluded_lines": [], "start_line": 138, "executed_branches": [], "missing_branches": []}, "FMBiGainCalc._init_gain_2pin_net": {"executed_lines": [161, 162, 163, 164, 165, 166, 167, 168, 170, 171], "summary": {"covered_lines": 10, "num_statements": 10, "percent_covered": 100.0, "percent_covered_display": "100", "missing_lines": 0, "excluded_lines": 0, "percent_statements_covered": 100.0, "percent_statements_covered_display": "100", "num_branches": 2, "num_partial_branches": 0, "covered_branches": 2, "missing_branches": 0, "percent_branches_covered": 100.0, "percent_branches_covered_display": "100"}, "missing_lines": [], "excluded_lines": [], "start_line": 148, "executed_branches": [[165, 166], [165, 170]], "missing_branches": []}, "FMBiGainCalc._init_gain_3pin_net": {"executed_lines": [188, 189, 190, 191, 192, 193, 194, 195, 196, 197, 198, 199, 200, 202, 203], "summary": {"covered_lines": 15, "num_statements": 15, "percent_covered": 100.0, "percent_covered_display": "100", "missing_lines": 0, "excluded_lines": 0, "percent_statements_covered": 100.0, "percent_statements_covered_display": "100", "num_branches": 8, "num_partial_branches": 0, "covered_branches": 8, "missing_branches": 0, "percent_branches_covered": 100.0, "percent_branches_covered_display": "100"}, "missing_lines": [], "excluded_lines": [], "start_line": 173, "executed_branches": [[193, 194], [193, 199], [194, 195], [194, 198], [195, 196], [195, 197], [199, 200], [199, 202]], "missing_branches": []}, "FMBiGainCalc._init_gain_general_net": {"executed_lines": [219, 220, 221, 223, 225, 226, 228, 229, 230, 231, 232, 233, 234, 235, 236, 237], "summary": {"covered_lines": 16, "num_statements": 16, "percent_covered": 100.0, "percent_covered_display": "100", "missing_lines": 0, "excluded_lines": 0, "percent_statements_covered": 100.0, "percent_statements_covered_display": "100", "num_branches": 14, "num_partial_branches": 0, "covered_branches": 14, "missing_branches": 0, "percent_branches_covered": 100.0, "percent_branches_covered_display": "100"}, "missing_lines": [], "excluded_lines": [], "start_line": 205, "executed_branches": [[220, 221], [220, 223], [225, 226], [225, 228], [228, -205], [228, 229], [229, 230], [229, 232], [230, 228], [230, 231], [232, 228], [232, 233], [235, 236], [235, 237]], "missing_branches": []}, "FMBiGainCalc.update_move_init": {"executed_lines": [243], "summary": {"covered_lines": 1, "num_statements": 1, "percent_covered": 100.0, "percent_covered_display": "100", "missing_lines": 0, "excluded_lines": 0, "percent_statements_covered": 100.0, "percent_statements_covered_display": "100", "num_branches": 0, "num_partial_branches": 0, "covered_branches": 0, "missing_branches": 0, "percent_branches_covered": 100.0, "percent_branches_covered_display": "100"}, "missing_lines": [], "excluded_lines": [], "start_line": 239, "executed_branches": [], "missing_branches": []}, "FMBiGainCalc.update_move_2pin_net": {"executed_lines": [259, 260, 261, 262, 263, 264, 265, 266], "summary": {"covered_lines": 8, "num_statements": 8, "percent_covered": 100.0, "percent_covered_display": "100", "missing_lines": 0, "excluded_lines": 0, "percent_statements_covered": 100.0, "percent_statements_covered_display": "100", "num_branches": 0, "num_partial_branches": 0, "covered_branches": 0, "missing_branches": 0, "percent_branches_covered": 100.0, "percent_branches_covered_display": "100"}, "missing_lines": [], "excluded_lines": [], "start_line": 245, "executed_branches": [], "missing_branches": []}, "FMBiGainCalc.init_idx_vec": {"executed_lines": [276], "summary": {"covered_lines": 1, "num_statements": 1, "percent_covered": 100.0, "percent_covered_display": "100", "missing_lines": 0, "excluded_lines": 0, "percent_statements_covered": 100.0, "percent_statements_covered_display": "100", "num_branches": 0, "num_partial_branches": 0, "covered_branches": 0, "missing_branches": 0, "percent_branches_covered": 100.0, "percent_branches_covered_display": "100"}, "missing_lines": [], "excluded_lines": [], "start_line": 268, "executed_branches": [], "missing_branches": []}, "FMBiGainCalc.update_move_3pin_net": {"executed_lines": [290, 291, 292, 294, 296, 297, 299, 313, 314, 329, 330, 332], "summary": {"covered_lines": 12, "num_statements": 12, "percent_covered": 100.0, "percent_covered_display": "100", "missing_lines": 0, "excluded_lines": 0, "percent_statements_covered": 100.0, "percent_statements_covered_display": "100", "num_branches": 4, "num_partial_branches": 0, "covered_branches": 4, "missing_branches": 0, "percent_branches_covered": 100.0, "percent_branches_covered_display": "100"}, "missing_lines": [], "excluded_lines": [], "start_line": 278, "executed_branches": [[296, 297], [296, 299], [299, 313], [299, 329]], "missing_branches": []}, "FMBiGainCalc.update_move_general_net": {"executed_lines": [347, 348, 349, 350, 351, 352, 353, 355, 356, 364, 365, 366, 367, 375, 376, 377, 378, 379, 381], "summary": {"covered_lines": 19, "num_statements": 19, "percent_covered": 100.0, "percent_covered_display": "100", "missing_lines": 0, "excluded_lines": 0, "percent_statements_covered": 100.0, "percent_statements_covered_display": "100", "num_branches": 12, "num_partial_branches": 0, "covered_branches": 12, "missing_branches": 0, "percent_branches_covered": 100.0, "percent_branches_covered_display": "100"}, "missing_lines": [], "excluded_lines": [], "start_line": 334, "executed_branches": [[349, 350], [349, 351], [355, 356], [355, 381], [356, 364], [356, 367], [364, 365], [364, 366], [367, 375], [367, 379], [376, 377], [376, 378]], "missing_branches": []}, "": {"executed_lines": [50, 52, 53, 57, 60, 64, 68, 92, 115, 138, 148, 173, 205, 239, 245, 268, 278, 334], "summary": {"covered_lines": 18, "num_statements": 18, "percent_covered": 100.0, "percent_covered_display": "100", "missing_lines": 0, "excluded_lines": 0, "percent_statements_covered": 100.0, "percent_statements_covered_display": "100", "num_branches": 0, "num_partial_branches": 0, "covered_branches": 0, "missing_branches": 0, "percent_branches_covered": 100.0, "percent_branches_covered_display": "100"}, "missing_lines": [], "excluded_lines": [], "start_line": 1, "executed_branches": [], "missing_branches": []}}, "classes": {"FMBiGainCalc": {"executed_lines": [84, 85, 86, 87, 88, 105, 106, 107, 108, 110, 111, 128, 129, 130, 131, 132, 133, 134, 136, 146, 161, 162, 163, 164, 165, 166, 167, 168, 170, 171, 188, 189, 190, 191, 192, 193, 194, 195, 196, 197, 198, 199, 200, 202, 203, 219, 220, 221, 223, 225, 226, 228, 229, 230, 231, 232, 233, 234, 235, 236, 237, 243, 259, 260, 261, 262, 263, 264, 265, 266, 276, 290, 291, 292, 294, 296, 297, 299, 313, 314, 329, 330, 332, 347, 348, 349, 350, 351, 352, 353, 355, 356, 364, 365, 366, 367, 375, 376, 377, 378, 379, 381], "summary": {"covered_lines": 102, "num_statements": 102, "percent_covered": 100.0, "percent_covered_display": "100", "missing_lines": 0, "excluded_lines": 1, "percent_statements_covered": 100.0, "percent_statements_covered_display": "100", "num_branches": 52, "num_partial_branches": 0, "covered_branches": 52, "missing_branches": 0, "percent_branches_covered": 100.0, "percent_branches_covered_display": "100"}, "missing_lines": [], "excluded_lines": [90], "start_line": 60, "executed_branches": [[85, 86], [85, 87], [106, 107], [106, 108], [108, 110], [108, 111], [129, 130], [129, 131], [131, 132], [131, 133], [133, 134], [133, 136], [165, 166], [165, 170], [193, 194], [193, 199], [194, 195], [194, 198], [195, 196], [195, 197], [199, 200], [199, 202], [220, 221], [220, 223], [225, 226], [225, 228], [228, -205], [228, 229], [229, 230], [229, 232], [230, 228], [230, 231], [232, 228], [232, 233], [235, 236], [235, 237], [296, 297], [296, 299], [299, 313], [299, 329], [349, 350], [349, 351], [355, 356], [355, 381], [356, 364], [356, 367], [364, 365], [364, 366], [367, 375], [367, 379], [376, 377], [376, 378]], "missing_branches": []}, "": {"executed_lines": [50, 52, 53, 57, 60, 64, 68, 92, 115, 138, 148, 173, 205, 239, 245, 268, 278, 334], "summary": {"covered_lines": 18, "num_statements": 18, "percent_covered": 100.0, "percent_covered_display": "100", "missing_lines": 0, "excluded_lines": 0, "percent_statements_covered": 100.0, "percent_statements_covered_display": "100", "num_branches": 0, "num_partial_branches": 0, "covered_branches": 0, "missing_branches": 0, "percent_branches_covered": 100.0, "percent_branches_covered_display": "100"}, "missing_lines": [], "excluded_lines": [], "start_line": 1, "executed_branches": [], "missing_branches": []}}}, "src\\ckpttnpy\\FMBiGainMgr.py": {"executed_lines": [53, 55, 57, 60, 67, 79, 81, 82, 83, 84, 85, 86, 87, 88, 89, 91, 101, 102, 103, 105, 113, 115, 143, 145, 153, 154, 158, 167], "summary": {"covered_lines": 28, "num_statements": 28, "percent_covered": 100.0, "percent_covered_display": "100", "missing_lines": 0, "excluded_lines": 0, "percent_statements_covered": 100.0, "percent_statements_covered_display": "100", "num_branches": 6, "num_partial_branches": 0, "covered_branches": 6, "missing_branches": 0, "percent_branches_covered": 100.0, "percent_branches_covered_display": "100"}, "missing_lines": [], "excluded_lines": [], "executed_branches": [[81, 82], [81, 83], [83, 84], [83, 87], [87, 88], [87, 89]], "missing_branches": [], "functions": {"FMBiGainMgr.init": {"executed_lines": [79, 81, 82, 83, 84, 85, 86, 87, 88, 89], "summary": {"covered_lines": 10, "num_statements": 10, "percent_covered": 100.0, "percent_covered_display": "100", "missing_lines": 0, "excluded_lines": 0, "percent_statements_covered": 100.0, "percent_statements_covered_display": "100", "num_branches": 6, "num_partial_branches": 0, "covered_branches": 6, "missing_branches": 0, "percent_branches_covered": 100.0, "percent_branches_covered_display": "100"}, "missing_lines": [], "excluded_lines": [], "start_line": 67, "executed_branches": [[81, 82], [81, 83], [83, 84], [83, 87], [87, 88], [87, 89]], "missing_branches": []}, "FMBiGainMgr.lock": {"executed_lines": [101, 102, 103], "summary": {"covered_lines": 3, "num_statements": 3, "percent_covered": 100.0, "percent_covered_display": "100", "missing_lines": 0, "excluded_lines": 0, "percent_statements_covered": 100.0, "percent_statements_covered_display": "100", "num_branches": 0, "num_partial_branches": 0, "covered_branches": 0, "missing_branches": 0, "percent_branches_covered": 100.0, "percent_branches_covered_display": "100"}, "missing_lines": [], "excluded_lines": [], "start_line": 91, "executed_branches": [], "missing_branches": []}, "FMBiGainMgr.lock_all": {"executed_lines": [113], "summary": {"covered_lines": 1, "num_statements": 1, "percent_covered": 100.0, "percent_covered_display": "100", "missing_lines": 0, "excluded_lines": 0, "percent_statements_covered": 100.0, "percent_statements_covered_display": "100", "num_branches": 0, "num_partial_branches": 0, "covered_branches": 0, "missing_branches": 0, "percent_branches_covered": 100.0, "percent_branches_covered_display": "100"}, "missing_lines": [], "excluded_lines": [], "start_line": 105, "executed_branches": [], "missing_branches": []}, "FMBiGainMgr.modify_key": {"executed_lines": [143], "summary": {"covered_lines": 1, "num_statements": 1, "percent_covered": 100.0, "percent_covered_display": "100", "missing_lines": 0, "excluded_lines": 0, "percent_statements_covered": 100.0, "percent_statements_covered_display": "100", "num_branches": 0, "num_partial_branches": 0, "covered_branches": 0, "missing_branches": 0, "percent_branches_covered": 100.0, "percent_branches_covered_display": "100"}, "missing_lines": [], "excluded_lines": [], "start_line": 115, "executed_branches": [], "missing_branches": []}, "FMBiGainMgr.update_move_v": {"executed_lines": [153, 154], "summary": {"covered_lines": 2, "num_statements": 2, "percent_covered": 100.0, "percent_covered_display": "100", "missing_lines": 0, "excluded_lines": 0, "percent_statements_covered": 100.0, "percent_statements_covered_display": "100", "num_branches": 0, "num_partial_branches": 0, "covered_branches": 0, "missing_branches": 0, "percent_branches_covered": 100.0, "percent_branches_covered_display": "100"}, "missing_lines": [], "excluded_lines": [], "start_line": 145, "executed_branches": [], "missing_branches": []}, "FMBiGainMgr._set_key": {"executed_lines": [167], "summary": {"covered_lines": 1, "num_statements": 1, "percent_covered": 100.0, "percent_covered_display": "100", "missing_lines": 0, "excluded_lines": 0, "percent_statements_covered": 100.0, "percent_statements_covered_display": "100", "num_branches": 0, "num_partial_branches": 0, "covered_branches": 0, "missing_branches": 0, "percent_branches_covered": 100.0, "percent_branches_covered_display": "100"}, "missing_lines": [], "excluded_lines": [], "start_line": 158, "executed_branches": [], "missing_branches": []}, "": {"executed_lines": [53, 55, 57, 60, 67, 91, 105, 115, 145, 158], "summary": {"covered_lines": 10, "num_statements": 10, "percent_covered": 100.0, "percent_covered_display": "100", "missing_lines": 0, "excluded_lines": 0, "percent_statements_covered": 100.0, "percent_statements_covered_display": "100", "num_branches": 0, "num_partial_branches": 0, "covered_branches": 0, "missing_branches": 0, "percent_branches_covered": 100.0, "percent_branches_covered_display": "100"}, "missing_lines": [], "excluded_lines": [], "start_line": 1, "executed_branches": [], "missing_branches": []}}, "classes": {"FMBiGainMgr": {"executed_lines": [79, 81, 82, 83, 84, 85, 86, 87, 88, 89, 101, 102, 103, 113, 143, 153, 154, 167], "summary": {"covered_lines": 18, "num_statements": 18, "percent_covered": 100.0, "percent_covered_display": "100", "missing_lines": 0, "excluded_lines": 0, "percent_statements_covered": 100.0, "percent_statements_covered_display": "100", "num_branches": 6, "num_partial_branches": 0, "covered_branches": 6, "missing_branches": 0, "percent_branches_covered": 100.0, "percent_branches_covered_display": "100"}, "missing_lines": [], "excluded_lines": [], "start_line": 60, "executed_branches": [[81, 82], [81, 83], [83, 84], [83, 87], [87, 88], [87, 89]], "missing_branches": []}, "": {"executed_lines": [53, 55, 57, 60, 67, 91, 105, 115, 145, 158], "summary": {"covered_lines": 10, "num_statements": 10, "percent_covered": 100.0, "percent_covered_display": "100", "missing_lines": 0, "excluded_lines": 0, "percent_statements_covered": 100.0, "percent_statements_covered_display": "100", "num_branches": 0, "num_partial_branches": 0, "covered_branches": 0, "missing_branches": 0, "percent_branches_covered": 100.0, "percent_branches_covered_display": "100"}, "missing_lines": [], "excluded_lines": [], "start_line": 1, "executed_branches": [], "missing_branches": []}}}, "src\\ckpttnpy\\FMConstrMgr.py": {"executed_lines": [43, 44, 47, 49, 52, 63, 64, 65, 68, 74, 85, 104, 105, 106, 107, 108, 109, 110, 111, 113, 123, 124, 125, 127, 138, 140, 146, 147, 148, 150, 189, 191, 192, 194, 196, 198, 199, 201, 203, 210, 211, 213, 225, 226, 227], "summary": {"covered_lines": 45, "num_statements": 45, "percent_covered": 100.0, "percent_covered_display": "100", "missing_lines": 0, "excluded_lines": 0, "percent_statements_covered": 100.0, "percent_statements_covered_display": "100", "num_branches": 6, "num_partial_branches": 0, "covered_branches": 6, "missing_branches": 0, "percent_branches_covered": 100.0, "percent_branches_covered_display": "100"}, "missing_lines": [], "excluded_lines": [], "executed_branches": [[124, -113], [124, 125], [191, 192], [191, 194], [198, 199], [198, 201]], "missing_branches": [], "functions": {"FMConstrMgr.__init__": {"executed_lines": [104, 105, 106, 107, 108, 109, 110, 111], "summary": {"covered_lines": 8, "num_statements": 8, "percent_covered": 100.0, "percent_covered_display": "100", "missing_lines": 0, "excluded_lines": 0, "percent_statements_covered": 100.0, "percent_statements_covered_display": "100", "num_branches": 0, "num_partial_branches": 0, "covered_branches": 0, "missing_branches": 0, "percent_branches_covered": 100.0, "percent_branches_covered_display": "100"}, "missing_lines": [], "excluded_lines": [], "start_line": 85, "executed_branches": [], "missing_branches": []}, "FMConstrMgr.init": {"executed_lines": [123, 124, 125], "summary": {"covered_lines": 3, "num_statements": 3, "percent_covered": 100.0, "percent_covered_display": "100", "missing_lines": 0, "excluded_lines": 0, "percent_statements_covered": 100.0, "percent_statements_covered_display": "100", "num_branches": 2, "num_partial_branches": 0, "covered_branches": 2, "missing_branches": 0, "percent_branches_covered": 100.0, "percent_branches_covered_display": "100"}, "missing_lines": [], "excluded_lines": [], "start_line": 113, "executed_branches": [[124, -113], [124, 125]], "missing_branches": []}, "FMConstrMgr.get_module_weight": {"executed_lines": [138], "summary": {"covered_lines": 1, "num_statements": 1, "percent_covered": 100.0, "percent_covered_display": "100", "missing_lines": 0, "excluded_lines": 0, "percent_statements_covered": 100.0, "percent_statements_covered_display": "100", "num_branches": 0, "num_partial_branches": 0, "covered_branches": 0, "missing_branches": 0, "percent_branches_covered": 100.0, "percent_branches_covered_display": "100"}, "missing_lines": [], "excluded_lines": [], "start_line": 127, "executed_branches": [], "missing_branches": []}, "FMConstrMgr._get_diff_from": {"executed_lines": [146, 147, 148], "summary": {"covered_lines": 3, "num_statements": 3, "percent_covered": 100.0, "percent_covered_display": "100", "missing_lines": 0, "excluded_lines": 0, "percent_statements_covered": 100.0, "percent_statements_covered_display": "100", "num_branches": 0, "num_partial_branches": 0, "covered_branches": 0, "missing_branches": 0, "percent_branches_covered": 100.0, "percent_branches_covered_display": "100"}, "missing_lines": [], "excluded_lines": [], "start_line": 140, "executed_branches": [], "missing_branches": []}, "FMConstrMgr.check_legal": {"executed_lines": [189, 191, 192, 194, 196, 198, 199, 201], "summary": {"covered_lines": 8, "num_statements": 8, "percent_covered": 100.0, "percent_covered_display": "100", "missing_lines": 0, "excluded_lines": 0, "percent_statements_covered": 100.0, "percent_statements_covered_display": "100", "num_branches": 4, "num_partial_branches": 0, "covered_branches": 4, "missing_branches": 0, "percent_branches_covered": 100.0, "percent_branches_covered_display": "100"}, "missing_lines": [], "excluded_lines": [], "start_line": 150, "executed_branches": [[191, 192], [191, 194], [198, 199], [198, 201]], "missing_branches": []}, "FMConstrMgr.check_constraints": {"executed_lines": [210, 211], "summary": {"covered_lines": 2, "num_statements": 2, "percent_covered": 100.0, "percent_covered_display": "100", "missing_lines": 0, "excluded_lines": 0, "percent_statements_covered": 100.0, "percent_statements_covered_display": "100", "num_branches": 0, "num_partial_branches": 0, "covered_branches": 0, "missing_branches": 0, "percent_branches_covered": 100.0, "percent_branches_covered_display": "100"}, "missing_lines": [], "excluded_lines": [], "start_line": 203, "executed_branches": [], "missing_branches": []}, "FMConstrMgr.update_move": {"executed_lines": [225, 226, 227], "summary": {"covered_lines": 3, "num_statements": 3, "percent_covered": 100.0, "percent_covered_display": "100", "missing_lines": 0, "excluded_lines": 0, "percent_statements_covered": 100.0, "percent_statements_covered_display": "100", "num_branches": 0, "num_partial_branches": 0, "covered_branches": 0, "missing_branches": 0, "percent_branches_covered": 100.0, "percent_branches_covered_display": "100"}, "missing_lines": [], "excluded_lines": [], "start_line": 213, "executed_branches": [], "missing_branches": []}, "": {"executed_lines": [43, 44, 47, 49, 52, 63, 64, 65, 68, 74, 85, 113, 127, 140, 150, 203, 213], "summary": {"covered_lines": 17, "num_statements": 17, "percent_covered": 100.0, "percent_covered_display": "100", "missing_lines": 0, "excluded_lines": 0, "percent_statements_covered": 100.0, "percent_statements_covered_display": "100", "num_branches": 0, "num_partial_branches": 0, "covered_branches": 0, "missing_branches": 0, "percent_branches_covered": 100.0, "percent_branches_covered_display": "100"}, "missing_lines": [], "excluded_lines": [], "start_line": 1, "executed_branches": [], "missing_branches": []}}, "classes": {"LegalCheck": {"executed_lines": [], "summary": {"covered_lines": 0, "num_statements": 0, "percent_covered": 100.0, "percent_covered_display": "100", "missing_lines": 0, "excluded_lines": 0, "percent_statements_covered": 100.0, "percent_statements_covered_display": "100", "num_branches": 0, "num_partial_branches": 0, "covered_branches": 0, "missing_branches": 0, "percent_branches_covered": 100.0, "percent_branches_covered_display": "100"}, "missing_lines": [], "excluded_lines": [], "start_line": 52, "executed_branches": [], "missing_branches": []}, "FMConstrMgr": {"executed_lines": [104, 105, 106, 107, 108, 109, 110, 111, 123, 124, 125, 138, 146, 147, 148, 189, 191, 192, 194, 196, 198, 199, 201, 210, 211, 225, 226, 227], "summary": {"covered_lines": 28, "num_statements": 28, "percent_covered": 100.0, "percent_covered_display": "100", "missing_lines": 0, "excluded_lines": 0, "percent_statements_covered": 100.0, "percent_statements_covered_display": "100", "num_branches": 6, "num_partial_branches": 0, "covered_branches": 6, "missing_branches": 0, "percent_branches_covered": 100.0, "percent_branches_covered_display": "100"}, "missing_lines": [], "excluded_lines": [], "start_line": 68, "executed_branches": [[124, -113], [124, 125], [191, 192], [191, 194], [198, 199], [198, 201]], "missing_branches": []}, "": {"executed_lines": [43, 44, 47, 49, 52, 63, 64, 65, 68, 74, 85, 113, 127, 140, 150, 203, 213], "summary": {"covered_lines": 17, "num_statements": 17, "percent_covered": 100.0, "percent_covered_display": "100", "missing_lines": 0, "excluded_lines": 0, "percent_statements_covered": 100.0, "percent_statements_covered_display": "100", "num_branches": 0, "num_partial_branches": 0, "covered_branches": 0, "missing_branches": 0, "percent_branches_covered": 100.0, "percent_branches_covered_display": "100"}, "missing_lines": [], "excluded_lines": [], "start_line": 1, "executed_branches": [], "missing_branches": []}}}, "src\\ckpttnpy\\FMGainMgr.py": {"executed_lines": [25, 26, 28, 29, 31, 34, 37, 41, 55, 56, 57, 58, 59, 61, 68, 69, 70, 72, 77, 79, 89, 90, 92, 93, 94, 95, 96, 97, 99, 106, 107, 108, 109, 110, 112, 123, 124, 125, 126, 127, 128, 129, 130, 131, 135, 136, 137, 141, 145, 146, 160, 170, 171, 172, 173, 175], "summary": {"covered_lines": 56, "num_statements": 56, "percent_covered": 100.0, "percent_covered_display": "100", "missing_lines": 0, "excluded_lines": 0, "percent_statements_covered": 100.0, "percent_statements_covered_display": "100", "num_branches": 12, "num_partial_branches": 0, "covered_branches": 12, "missing_branches": 0, "percent_branches_covered": 100.0, "percent_branches_covered_display": "100"}, "missing_lines": [], "excluded_lines": [], "executed_branches": [[125, -112], [125, 126], [127, 128], [127, 129], [130, 131], [130, 135], [136, 137], [136, 141], [171, 172], [171, 175], [172, -160], [172, 173]], "missing_branches": [], "functions": {"FMGainMgr.__init__": {"executed_lines": [55, 56, 57, 58, 59], "summary": {"covered_lines": 5, "num_statements": 5, "percent_covered": 100.0, "percent_covered_display": "100", "missing_lines": 0, "excluded_lines": 0, "percent_statements_covered": 100.0, "percent_statements_covered_display": "100", "num_branches": 0, "num_partial_branches": 0, "covered_branches": 0, "missing_branches": 0, "percent_branches_covered": 100.0, "percent_branches_covered_display": "100"}, "missing_lines": [], "excluded_lines": [], "start_line": 41, "executed_branches": [], "missing_branches": []}, "FMGainMgr.init": {"executed_lines": [68, 69, 70], "summary": {"covered_lines": 3, "num_statements": 3, "percent_covered": 100.0, "percent_covered_display": "100", "missing_lines": 0, "excluded_lines": 0, "percent_statements_covered": 100.0, "percent_statements_covered_display": "100", "num_branches": 0, "num_partial_branches": 0, "covered_branches": 0, "missing_branches": 0, "percent_branches_covered": 100.0, "percent_branches_covered_display": "100"}, "missing_lines": [], "excluded_lines": [], "start_line": 61, "executed_branches": [], "missing_branches": []}, "FMGainMgr.is_empty": {"executed_lines": [77], "summary": {"covered_lines": 1, "num_statements": 1, "percent_covered": 100.0, "percent_covered_display": "100", "missing_lines": 0, "excluded_lines": 0, "percent_statements_covered": 100.0, "percent_statements_covered_display": "100", "num_branches": 0, "num_partial_branches": 0, "covered_branches": 0, "missing_branches": 0, "percent_branches_covered": 100.0, "percent_branches_covered_display": "100"}, "missing_lines": [], "excluded_lines": [], "start_line": 72, "executed_branches": [], "missing_branches": []}, "FMGainMgr.select": {"executed_lines": [89, 90, 92, 93, 94, 95, 96, 97], "summary": {"covered_lines": 8, "num_statements": 8, "percent_covered": 100.0, "percent_covered_display": "100", "missing_lines": 0, "excluded_lines": 0, "percent_statements_covered": 100.0, "percent_statements_covered_display": "100", "num_branches": 0, "num_partial_branches": 0, "covered_branches": 0, "missing_branches": 0, "percent_branches_covered": 100.0, "percent_branches_covered_display": "100"}, "missing_lines": [], "excluded_lines": [], "start_line": 79, "executed_branches": [], "missing_branches": []}, "FMGainMgr.select_togo": {"executed_lines": [106, 107, 108, 109, 110], "summary": {"covered_lines": 5, "num_statements": 5, "percent_covered": 100.0, "percent_covered_display": "100", "missing_lines": 0, "excluded_lines": 0, "percent_statements_covered": 100.0, "percent_statements_covered_display": "100", "num_branches": 0, "num_partial_branches": 0, "covered_branches": 0, "missing_branches": 0, "percent_branches_covered": 100.0, "percent_branches_covered_display": "100"}, "missing_lines": [], "excluded_lines": [], "start_line": 99, "executed_branches": [], "missing_branches": []}, "FMGainMgr.update_move": {"executed_lines": [123, 124, 125, 126, 127, 128, 129, 130, 131, 135, 136, 137, 141], "summary": {"covered_lines": 13, "num_statements": 13, "percent_covered": 100.0, "percent_covered_display": "100", "missing_lines": 0, "excluded_lines": 0, "percent_statements_covered": 100.0, "percent_statements_covered_display": "100", "num_branches": 8, "num_partial_branches": 0, "covered_branches": 8, "missing_branches": 0, "percent_branches_covered": 100.0, "percent_branches_covered_display": "100"}, "missing_lines": [], "excluded_lines": [], "start_line": 112, "executed_branches": [[125, -112], [125, 126], [127, 128], [127, 129], [130, 131], [130, 135], [136, 137], [136, 141]], "missing_branches": []}, "FMGainMgr.modify_key": {"executed_lines": [], "summary": {"covered_lines": 0, "num_statements": 0, "percent_covered": 100.0, "percent_covered_display": "100", "missing_lines": 0, "excluded_lines": 0, "percent_statements_covered": 100.0, "percent_statements_covered_display": "100", "num_branches": 0, "num_partial_branches": 0, "covered_branches": 0, "missing_branches": 0, "percent_branches_covered": 100.0, "percent_branches_covered_display": "100"}, "missing_lines": [], "excluded_lines": [], "start_line": 146, "executed_branches": [], "missing_branches": []}, "FMGainMgr._update_move_net": {"executed_lines": [170, 171, 172, 173, 175], "summary": {"covered_lines": 5, "num_statements": 5, "percent_covered": 100.0, "percent_covered_display": "100", "missing_lines": 0, "excluded_lines": 0, "percent_statements_covered": 100.0, "percent_statements_covered_display": "100", "num_branches": 4, "num_partial_branches": 0, "covered_branches": 4, "missing_branches": 0, "percent_branches_covered": 100.0, "percent_branches_covered_display": "100"}, "missing_lines": [], "excluded_lines": [], "start_line": 160, "executed_branches": [[171, 172], [171, 175], [172, -160], [172, 173]], "missing_branches": []}, "": {"executed_lines": [25, 26, 28, 29, 31, 34, 37, 41, 61, 72, 79, 99, 112, 145, 146, 160], "summary": {"covered_lines": 16, "num_statements": 16, "percent_covered": 100.0, "percent_covered_display": "100", "missing_lines": 0, "excluded_lines": 0, "percent_statements_covered": 100.0, "percent_statements_covered_display": "100", "num_branches": 0, "num_partial_branches": 0, "covered_branches": 0, "missing_branches": 0, "percent_branches_covered": 100.0, "percent_branches_covered_display": "100"}, "missing_lines": [], "excluded_lines": [], "start_line": 1, "executed_branches": [], "missing_branches": []}}, "classes": {"FMGainMgr": {"executed_lines": [55, 56, 57, 58, 59, 68, 69, 70, 77, 89, 90, 92, 93, 94, 95, 96, 97, 106, 107, 108, 109, 110, 123, 124, 125, 126, 127, 128, 129, 130, 131, 135, 136, 137, 141, 170, 171, 172, 173, 175], "summary": {"covered_lines": 40, "num_statements": 40, "percent_covered": 100.0, "percent_covered_display": "100", "missing_lines": 0, "excluded_lines": 0, "percent_statements_covered": 100.0, "percent_statements_covered_display": "100", "num_branches": 12, "num_partial_branches": 0, "covered_branches": 12, "missing_branches": 0, "percent_branches_covered": 100.0, "percent_branches_covered_display": "100"}, "missing_lines": [], "excluded_lines": [], "start_line": 34, "executed_branches": [[125, -112], [125, 126], [127, 128], [127, 129], [130, 131], [130, 135], [136, 137], [136, 141], [171, 172], [171, 175], [172, -160], [172, 173]], "missing_branches": []}, "": {"executed_lines": [25, 26, 28, 29, 31, 34, 37, 41, 61, 72, 79, 99, 112, 145, 146, 160], "summary": {"covered_lines": 16, "num_statements": 16, "percent_covered": 100.0, "percent_covered_display": "100", "missing_lines": 0, "excluded_lines": 0, "percent_statements_covered": 100.0, "percent_statements_covered_display": "100", "num_branches": 0, "num_partial_branches": 0, "covered_branches": 0, "missing_branches": 0, "percent_branches_covered": 100.0, "percent_branches_covered_display": "100"}, "missing_lines": [], "excluded_lines": [], "start_line": 1, "executed_branches": [], "missing_branches": []}}}, "src\\ckpttnpy\\FMKWayConstrMgr.py": {"executed_lines": [19, 22, 24, 27, 30, 45, 46, 48, 56, 57, 59, 64, 66, 109, 111, 112, 114, 116, 118, 119, 121], "summary": {"covered_lines": 21, "num_statements": 21, "percent_covered": 100.0, "percent_covered_display": "100", "missing_lines": 0, "excluded_lines": 0, "percent_statements_covered": 100.0, "percent_statements_covered_display": "100", "num_branches": 4, "num_partial_branches": 0, "covered_branches": 4, "missing_branches": 0, "percent_branches_covered": 100.0, "percent_branches_covered_display": "100"}, "missing_lines": [], "excluded_lines": [], "executed_branches": [[111, 112], [111, 114], [118, 119], [118, 121]], "missing_branches": [], "functions": {"FMKWayConstrMgr.__init__": {"executed_lines": [45, 46], "summary": {"covered_lines": 2, "num_statements": 2, "percent_covered": 100.0, "percent_covered_display": "100", "missing_lines": 0, "excluded_lines": 0, "percent_statements_covered": 100.0, "percent_statements_covered_display": "100", "num_branches": 0, "num_partial_branches": 0, "covered_branches": 0, "missing_branches": 0, "percent_branches_covered": 100.0, "percent_branches_covered_display": "100"}, "missing_lines": [], "excluded_lines": [], "start_line": 30, "executed_branches": [], "missing_branches": []}, "FMKWayConstrMgr.init": {"executed_lines": [56, 57], "summary": {"covered_lines": 2, "num_statements": 2, "percent_covered": 100.0, "percent_covered_display": "100", "missing_lines": 0, "excluded_lines": 0, "percent_statements_covered": 100.0, "percent_statements_covered_display": "100", "num_branches": 0, "num_partial_branches": 0, "covered_branches": 0, "missing_branches": 0, "percent_branches_covered": 100.0, "percent_branches_covered_display": "100"}, "missing_lines": [], "excluded_lines": [], "start_line": 48, "executed_branches": [], "missing_branches": []}, "FMKWayConstrMgr.select_togo": {"executed_lines": [64], "summary": {"covered_lines": 1, "num_statements": 1, "percent_covered": 100.0, "percent_covered_display": "100", "missing_lines": 0, "excluded_lines": 0, "percent_statements_covered": 100.0, "percent_statements_covered_display": "100", "num_branches": 0, "num_partial_branches": 0, "covered_branches": 0, "missing_branches": 0, "percent_branches_covered": 100.0, "percent_branches_covered_display": "100"}, "missing_lines": [], "excluded_lines": [], "start_line": 59, "executed_branches": [], "missing_branches": []}, "FMKWayConstrMgr.check_legal": {"executed_lines": [109, 111, 112, 114, 116, 118, 119, 121], "summary": {"covered_lines": 8, "num_statements": 8, "percent_covered": 100.0, "percent_covered_display": "100", "missing_lines": 0, "excluded_lines": 0, "percent_statements_covered": 100.0, "percent_statements_covered_display": "100", "num_branches": 4, "num_partial_branches": 0, "covered_branches": 4, "missing_branches": 0, "percent_branches_covered": 100.0, "percent_branches_covered_display": "100"}, "missing_lines": [], "excluded_lines": [], "start_line": 66, "executed_branches": [[111, 112], [111, 114], [118, 119], [118, 121]], "missing_branches": []}, "": {"executed_lines": [19, 22, 24, 27, 30, 48, 59, 66], "summary": {"covered_lines": 8, "num_statements": 8, "percent_covered": 100.0, "percent_covered_display": "100", "missing_lines": 0, "excluded_lines": 0, "percent_statements_covered": 100.0, "percent_statements_covered_display": "100", "num_branches": 0, "num_partial_branches": 0, "covered_branches": 0, "missing_branches": 0, "percent_branches_covered": 100.0, "percent_branches_covered_display": "100"}, "missing_lines": [], "excluded_lines": [], "start_line": 1, "executed_branches": [], "missing_branches": []}}, "classes": {"FMKWayConstrMgr": {"executed_lines": [45, 46, 56, 57, 64, 109, 111, 112, 114, 116, 118, 119, 121], "summary": {"covered_lines": 13, "num_statements": 13, "percent_covered": 100.0, "percent_covered_display": "100", "missing_lines": 0, "excluded_lines": 0, "percent_statements_covered": 100.0, "percent_statements_covered_display": "100", "num_branches": 4, "num_partial_branches": 0, "covered_branches": 4, "missing_branches": 0, "percent_branches_covered": 100.0, "percent_branches_covered_display": "100"}, "missing_lines": [], "excluded_lines": [], "start_line": 27, "executed_branches": [[111, 112], [111, 114], [118, 119], [118, 121]], "missing_branches": []}, "": {"executed_lines": [19, 22, 24, 27, 30, 48, 59, 66], "summary": {"covered_lines": 8, "num_statements": 8, "percent_covered": 100.0, "percent_covered_display": "100", "missing_lines": 0, "excluded_lines": 0, "percent_statements_covered": 100.0, "percent_statements_covered_display": "100", "num_branches": 0, "num_partial_branches": 0, "covered_branches": 0, "missing_branches": 0, "percent_branches_covered": 100.0, "percent_branches_covered_display": "100"}, "missing_lines": [], "excluded_lines": [], "start_line": 1, "executed_branches": [], "missing_branches": []}}}, "src\\ckpttnpy\\FMKWayGainCalc.py": {"executed_lines": [23, 24, 26, 27, 28, 30, 33, 36, 49, 60, 62, 63, 64, 66, 68, 69, 73, 74, 80, 91, 92, 93, 94, 95, 96, 97, 99, 109, 110, 111, 112, 113, 114, 115, 117, 119, 129, 130, 132, 143, 144, 145, 146, 147, 148, 149, 150, 151, 153, 154, 155, 157, 168, 169, 170, 171, 172, 173, 174, 175, 176, 177, 178, 179, 180, 181, 182, 183, 184, 185, 187, 188, 189, 190, 192, 193, 194, 195, 196, 198, 250, 251, 252, 254, 256, 257, 258, 259, 261, 262, 263, 264, 265, 267, 268, 269, 270, 271, 273, 277, 279, 290, 291, 292, 293, 294, 295, 296, 298, 299, 300, 301, 302, 303, 304, 306, 308, 316, 318, 329, 331, 332, 333, 335, 337, 339, 340, 342, 343, 344, 345, 346, 347, 348, 349, 350, 351, 352, 354, 355, 356, 357, 358, 359, 360, 362, 363, 364, 365, 366, 367, 368, 370, 372, 430, 431, 432, 433, 435, 436, 438, 440, 441, 442, 443, 444, 445, 446, 447, 448, 449, 450, 451, 452, 453, 454, 455, 457], "summary": {"covered_lines": 178, "num_statements": 178, "percent_covered": 100.0, "percent_covered_display": "100", "missing_lines": 0, "excluded_lines": 1, "percent_statements_covered": 100.0, "percent_statements_covered_display": "100", "num_branches": 98, "num_partial_branches": 0, "covered_branches": 98, "missing_branches": 0, "percent_branches_covered": 100.0, "percent_branches_covered_display": "100"}, "missing_lines": [], "excluded_lines": [78], "executed_branches": [[68, 69], [68, 73], [92, 93], [92, 95], [93, 92], [93, 94], [95, 96], [95, 97], [110, 111], [110, 112], [112, 113], [112, 114], [114, 115], [114, 117], [129, -119], [129, 130], [149, 150], [149, 153], [150, -132], [150, 151], [176, 177], [176, 182], [177, 178], [177, 181], [178, 179], [178, 180], [182, 183], [182, 184], [184, 185], [184, 187], [188, 189], [188, 190], [193, 194], [193, 196], [251, 252], [251, 254], [256, 257], [256, 259], [257, 256], [257, 258], [261, -198], [261, 262], [262, 263], [262, 265], [263, 261], [263, 264], [265, 261], [265, 267], [269, 270], [269, 271], [298, 299], [298, 306], [299, 300], [299, 303], [300, 301], [300, 303], [342, 343], [342, 354], [343, 344], [343, 352], [344, 345], [344, 350], [347, 348], [347, 350], [348, 349], [348, 350], [354, 355], [354, 370], [355, 356], [355, 358], [356, 357], [356, 367], [358, 359], [358, 362], [359, 360], [359, 367], [364, 365], [364, 367], [365, 366], [365, 367], [432, 433], [432, 435], [441, 442], [441, 457], [442, 443], [442, 448], [443, 444], [443, 445], [445, 446], [445, 454], [446, 447], [446, 454], [448, 449], [448, 454], [450, 451], [450, 452], [452, 453], [452, 454]], "missing_branches": [], "functions": {"FMKWayGainCalc.__init__": {"executed_lines": [60, 62, 63, 64, 66, 68, 69, 73, 74], "summary": {"covered_lines": 9, "num_statements": 9, "percent_covered": 100.0, "percent_covered_display": "100", "missing_lines": 0, "excluded_lines": 1, "percent_statements_covered": 100.0, "percent_statements_covered_display": "100", "num_branches": 2, "num_partial_branches": 0, "covered_branches": 2, "missing_branches": 0, "percent_branches_covered": 100.0, "percent_branches_covered_display": "100"}, "missing_lines": [], "excluded_lines": [78], "start_line": 49, "executed_branches": [[68, 69], [68, 73]], "missing_branches": []}, "FMKWayGainCalc.init": {"executed_lines": [91, 92, 93, 94, 95, 96, 97], "summary": {"covered_lines": 7, "num_statements": 7, "percent_covered": 100.0, "percent_covered_display": "100", "missing_lines": 0, "excluded_lines": 0, "percent_statements_covered": 100.0, "percent_statements_covered_display": "100", "num_branches": 6, "num_partial_branches": 0, "covered_branches": 6, "missing_branches": 0, "percent_branches_covered": 100.0, "percent_branches_covered_display": "100"}, "missing_lines": [], "excluded_lines": [], "start_line": 80, "executed_branches": [[92, 93], [92, 95], [93, 92], [93, 94], [95, 96], [95, 97]], "missing_branches": []}, "FMKWayGainCalc._init_gain": {"executed_lines": [109, 110, 111, 112, 113, 114, 115, 117], "summary": {"covered_lines": 8, "num_statements": 8, "percent_covered": 100.0, "percent_covered_display": "100", "missing_lines": 0, "excluded_lines": 0, "percent_statements_covered": 100.0, "percent_statements_covered_display": "100", "num_branches": 6, "num_partial_branches": 0, "covered_branches": 6, "missing_branches": 0, "percent_branches_covered": 100.0, "percent_branches_covered_display": "100"}, "missing_lines": [], "excluded_lines": [], "start_line": 99, "executed_branches": [[110, 111], [110, 112], [112, 113], [112, 114], [114, 115], [114, 117]], "missing_branches": []}, "FMKWayGainCalc._modify_gain": {"executed_lines": [129, 130], "summary": {"covered_lines": 2, "num_statements": 2, "percent_covered": 100.0, "percent_covered_display": "100", "missing_lines": 0, "excluded_lines": 0, "percent_statements_covered": 100.0, "percent_statements_covered_display": "100", "num_branches": 2, "num_partial_branches": 0, "covered_branches": 2, "missing_branches": 0, "percent_branches_covered": 100.0, "percent_branches_covered_display": "100"}, "missing_lines": [], "excluded_lines": [], "start_line": 119, "executed_branches": [[129, -119], [129, 130]], "missing_branches": []}, "FMKWayGainCalc._init_gain_2pin_net": {"executed_lines": [143, 144, 145, 146, 147, 148, 149, 150, 151, 153, 154, 155], "summary": {"covered_lines": 12, "num_statements": 12, "percent_covered": 100.0, "percent_covered_display": "100", "missing_lines": 0, "excluded_lines": 0, "percent_statements_covered": 100.0, "percent_statements_covered_display": "100", "num_branches": 4, "num_partial_branches": 0, "covered_branches": 4, "missing_branches": 0, "percent_branches_covered": 100.0, "percent_branches_covered_display": "100"}, "missing_lines": [], "excluded_lines": [], "start_line": 132, "executed_branches": [[149, 150], [149, 153], [150, -132], [150, 151]], "missing_branches": []}, "FMKWayGainCalc._init_gain_3pin_net": {"executed_lines": [168, 169, 170, 171, 172, 173, 174, 175, 176, 177, 178, 179, 180, 181, 182, 183, 184, 185, 187, 188, 189, 190, 192, 193, 194, 195, 196], "summary": {"covered_lines": 27, "num_statements": 27, "percent_covered": 100.0, "percent_covered_display": "100", "missing_lines": 0, "excluded_lines": 0, "percent_statements_covered": 100.0, "percent_statements_covered_display": "100", "num_branches": 14, "num_partial_branches": 0, "covered_branches": 14, "missing_branches": 0, "percent_branches_covered": 100.0, "percent_branches_covered_display": "100"}, "missing_lines": [], "excluded_lines": [], "start_line": 157, "executed_branches": [[176, 177], [176, 182], [177, 178], [177, 181], [178, 179], [178, 180], [182, 183], [182, 184], [184, 185], [184, 187], [188, 189], [188, 190], [193, 194], [193, 196]], "missing_branches": []}, "FMKWayGainCalc._init_gain_general_net": {"executed_lines": [250, 251, 252, 254, 256, 257, 258, 259, 261, 262, 263, 264, 265, 267, 268, 269, 270, 271], "summary": {"covered_lines": 18, "num_statements": 18, "percent_covered": 100.0, "percent_covered_display": "100", "missing_lines": 0, "excluded_lines": 0, "percent_statements_covered": 100.0, "percent_statements_covered_display": "100", "num_branches": 16, "num_partial_branches": 0, "covered_branches": 16, "missing_branches": 0, "percent_branches_covered": 100.0, "percent_branches_covered_display": "100"}, "missing_lines": [], "excluded_lines": [], "start_line": 198, "executed_branches": [[251, 252], [251, 254], [256, 257], [256, 259], [257, 256], [257, 258], [261, -198], [261, 262], [262, 263], [262, 265], [263, 261], [263, 264], [265, 261], [265, 267], [269, 270], [269, 271]], "missing_branches": []}, "FMKWayGainCalc.update_move_init": {"executed_lines": [277], "summary": {"covered_lines": 1, "num_statements": 1, "percent_covered": 100.0, "percent_covered_display": "100", "missing_lines": 0, "excluded_lines": 0, "percent_statements_covered": 100.0, "percent_statements_covered_display": "100", "num_branches": 0, "num_partial_branches": 0, "covered_branches": 0, "missing_branches": 0, "percent_branches_covered": 100.0, "percent_branches_covered_display": "100"}, "missing_lines": [], "excluded_lines": [], "start_line": 273, "executed_branches": [], "missing_branches": []}, "FMKWayGainCalc.update_move_2pin_net": {"executed_lines": [290, 291, 292, 293, 294, 295, 296, 298, 299, 300, 301, 302, 303, 304, 306], "summary": {"covered_lines": 15, "num_statements": 15, "percent_covered": 100.0, "percent_covered_display": "100", "missing_lines": 0, "excluded_lines": 0, "percent_statements_covered": 100.0, "percent_statements_covered_display": "100", "num_branches": 6, "num_partial_branches": 0, "covered_branches": 6, "missing_branches": 0, "percent_branches_covered": 100.0, "percent_branches_covered_display": "100"}, "missing_lines": [], "excluded_lines": [], "start_line": 279, "executed_branches": [[298, 299], [298, 306], [299, 300], [299, 303], [300, 301], [300, 303]], "missing_branches": []}, "FMKWayGainCalc.init_idx_vec": {"executed_lines": [316], "summary": {"covered_lines": 1, "num_statements": 1, "percent_covered": 100.0, "percent_covered_display": "100", "missing_lines": 0, "excluded_lines": 0, "percent_statements_covered": 100.0, "percent_statements_covered_display": "100", "num_branches": 0, "num_partial_branches": 0, "covered_branches": 0, "missing_branches": 0, "percent_branches_covered": 100.0, "percent_branches_covered_display": "100"}, "missing_lines": [], "excluded_lines": [], "start_line": 308, "executed_branches": [], "missing_branches": []}, "FMKWayGainCalc.update_move_3pin_net": {"executed_lines": [329, 331, 332, 333, 335, 337, 339, 340, 342, 343, 344, 345, 346, 347, 348, 349, 350, 351, 352, 354, 355, 356, 357, 358, 359, 360, 362, 363, 364, 365, 366, 367, 368, 370], "summary": {"covered_lines": 34, "num_statements": 34, "percent_covered": 100.0, "percent_covered_display": "100", "missing_lines": 0, "excluded_lines": 0, "percent_statements_covered": 100.0, "percent_statements_covered_display": "100", "num_branches": 24, "num_partial_branches": 0, "covered_branches": 24, "missing_branches": 0, "percent_branches_covered": 100.0, "percent_branches_covered_display": "100"}, "missing_lines": [], "excluded_lines": [], "start_line": 318, "executed_branches": [[342, 343], [342, 354], [343, 344], [343, 352], [344, 345], [344, 350], [347, 348], [347, 350], [348, 349], [348, 350], [354, 355], [354, 370], [355, 356], [355, 358], [356, 357], [356, 367], [358, 359], [358, 362], [359, 360], [359, 367], [364, 365], [364, 367], [365, 366], [365, 367]], "missing_branches": []}, "FMKWayGainCalc.update_move_general_net": {"executed_lines": [430, 431, 432, 433, 435, 436, 438, 440, 441, 442, 443, 444, 445, 446, 447, 448, 449, 450, 451, 452, 453, 454, 455, 457], "summary": {"covered_lines": 24, "num_statements": 24, "percent_covered": 100.0, "percent_covered_display": "100", "missing_lines": 0, "excluded_lines": 0, "percent_statements_covered": 100.0, "percent_statements_covered_display": "100", "num_branches": 18, "num_partial_branches": 0, "covered_branches": 18, "missing_branches": 0, "percent_branches_covered": 100.0, "percent_branches_covered_display": "100"}, "missing_lines": [], "excluded_lines": [], "start_line": 372, "executed_branches": [[432, 433], [432, 435], [441, 442], [441, 457], [442, 443], [442, 448], [443, 444], [443, 445], [445, 446], [445, 454], [446, 447], [446, 454], [448, 449], [448, 454], [450, 451], [450, 452], [452, 453], [452, 454]], "missing_branches": []}, "": {"executed_lines": [23, 24, 26, 27, 28, 30, 33, 36, 49, 80, 99, 119, 132, 157, 198, 273, 279, 308, 318, 372], "summary": {"covered_lines": 20, "num_statements": 20, "percent_covered": 100.0, "percent_covered_display": "100", "missing_lines": 0, "excluded_lines": 0, "percent_statements_covered": 100.0, "percent_statements_covered_display": "100", "num_branches": 0, "num_partial_branches": 0, "covered_branches": 0, "missing_branches": 0, "percent_branches_covered": 100.0, "percent_branches_covered_display": "100"}, "missing_lines": [], "excluded_lines": [], "start_line": 1, "executed_branches": [], "missing_branches": []}}, "classes": {"FMKWayGainCalc": {"executed_lines": [60, 62, 63, 64, 66, 68, 69, 73, 74, 91, 92, 93, 94, 95, 96, 97, 109, 110, 111, 112, 113, 114, 115, 117, 129, 130, 143, 144, 145, 146, 147, 148, 149, 150, 151, 153, 154, 155, 168, 169, 170, 171, 172, 173, 174, 175, 176, 177, 178, 179, 180, 181, 182, 183, 184, 185, 187, 188, 189, 190, 192, 193, 194, 195, 196, 250, 251, 252, 254, 256, 257, 258, 259, 261, 262, 263, 264, 265, 267, 268, 269, 270, 271, 277, 290, 291, 292, 293, 294, 295, 296, 298, 299, 300, 301, 302, 303, 304, 306, 316, 329, 331, 332, 333, 335, 337, 339, 340, 342, 343, 344, 345, 346, 347, 348, 349, 350, 351, 352, 354, 355, 356, 357, 358, 359, 360, 362, 363, 364, 365, 366, 367, 368, 370, 430, 431, 432, 433, 435, 436, 438, 440, 441, 442, 443, 444, 445, 446, 447, 448, 449, 450, 451, 452, 453, 454, 455, 457], "summary": {"covered_lines": 158, "num_statements": 158, "percent_covered": 100.0, "percent_covered_display": "100", "missing_lines": 0, "excluded_lines": 1, "percent_statements_covered": 100.0, "percent_statements_covered_display": "100", "num_branches": 98, "num_partial_branches": 0, "covered_branches": 98, "missing_branches": 0, "percent_branches_covered": 100.0, "percent_branches_covered_display": "100"}, "missing_lines": [], "excluded_lines": [78], "start_line": 33, "executed_branches": [[68, 69], [68, 73], [92, 93], [92, 95], [93, 92], [93, 94], [95, 96], [95, 97], [110, 111], [110, 112], [112, 113], [112, 114], [114, 115], [114, 117], [129, -119], [129, 130], [149, 150], [149, 153], [150, -132], [150, 151], [176, 177], [176, 182], [177, 178], [177, 181], [178, 179], [178, 180], [182, 183], [182, 184], [184, 185], [184, 187], [188, 189], [188, 190], [193, 194], [193, 196], [251, 252], [251, 254], [256, 257], [256, 259], [257, 256], [257, 258], [261, -198], [261, 262], [262, 263], [262, 265], [263, 261], [263, 264], [265, 261], [265, 267], [269, 270], [269, 271], [298, 299], [298, 306], [299, 300], [299, 303], [300, 301], [300, 303], [342, 343], [342, 354], [343, 344], [343, 352], [344, 345], [344, 350], [347, 348], [347, 350], [348, 349], [348, 350], [354, 355], [354, 370], [355, 356], [355, 358], [356, 357], [356, 367], [358, 359], [358, 362], [359, 360], [359, 367], [364, 365], [364, 367], [365, 366], [365, 367], [432, 433], [432, 435], [441, 442], [441, 457], [442, 443], [442, 448], [443, 444], [443, 445], [445, 446], [445, 454], [446, 447], [446, 454], [448, 449], [448, 454], [450, 451], [450, 452], [452, 453], [452, 454]], "missing_branches": []}, "": {"executed_lines": [23, 24, 26, 27, 28, 30, 33, 36, 49, 80, 99, 119, 132, 157, 198, 273, 279, 308, 318, 372], "summary": {"covered_lines": 20, "num_statements": 20, "percent_covered": 100.0, "percent_covered_display": "100", "missing_lines": 0, "excluded_lines": 0, "percent_statements_covered": 100.0, "percent_statements_covered_display": "100", "num_branches": 0, "num_partial_branches": 0, "covered_branches": 0, "missing_branches": 0, "percent_branches_covered": 100.0, "percent_branches_covered_display": "100"}, "missing_lines": [], "excluded_lines": [], "start_line": 1, "executed_branches": [], "missing_branches": []}}}, "src\\ckpttnpy\\FMKWayGainMgr.py": {"executed_lines": [27, 29, 31, 33, 36, 42, 55, 56, 58, 68, 70, 71, 73, 74, 75, 76, 77, 78, 79, 80, 82, 83, 85, 87, 94, 95, 96, 98, 108, 109, 110, 111, 113, 120, 121, 122, 125, 128, 160, 161, 165, 176], "summary": {"covered_lines": 42, "num_statements": 42, "percent_covered": 100.0, "percent_covered_display": "100", "missing_lines": 0, "excluded_lines": 0, "percent_statements_covered": 100.0, "percent_statements_covered_display": "100", "num_branches": 14, "num_partial_branches": 0, "covered_branches": 14, "missing_branches": 0, "percent_branches_covered": 100.0, "percent_branches_covered_display": "100"}, "missing_lines": [], "excluded_lines": [], "executed_branches": [[70, 71], [70, 73], [73, 74], [73, 82], [75, 76], [75, 78], [82, 83], [82, 85], [108, -98], [108, 109], [121, 122], [121, 125], [160, -128], [160, 161]], "missing_branches": [], "functions": {"FMKWayGainMgr.__init__": {"executed_lines": [55, 56], "summary": {"covered_lines": 2, "num_statements": 2, "percent_covered": 100.0, "percent_covered_display": "100", "missing_lines": 0, "excluded_lines": 0, "percent_statements_covered": 100.0, "percent_statements_covered_display": "100", "num_branches": 0, "num_partial_branches": 0, "covered_branches": 0, "missing_branches": 0, "percent_branches_covered": 100.0, "percent_branches_covered_display": "100"}, "missing_lines": [], "excluded_lines": [], "start_line": 42, "executed_branches": [], "missing_branches": []}, "FMKWayGainMgr.init": {"executed_lines": [68, 70, 71, 73, 74, 75, 76, 77, 78, 79, 80, 82, 83, 85], "summary": {"covered_lines": 14, "num_statements": 14, "percent_covered": 100.0, "percent_covered_display": "100", "missing_lines": 0, "excluded_lines": 0, "percent_statements_covered": 100.0, "percent_statements_covered_display": "100", "num_branches": 8, "num_partial_branches": 0, "covered_branches": 8, "missing_branches": 0, "percent_branches_covered": 100.0, "percent_branches_covered_display": "100"}, "missing_lines": [], "excluded_lines": [], "start_line": 58, "executed_branches": [[70, 71], [70, 73], [73, 74], [73, 82], [75, 76], [75, 78], [82, 83], [82, 85]], "missing_branches": []}, "FMKWayGainMgr.lock": {"executed_lines": [94, 95, 96], "summary": {"covered_lines": 3, "num_statements": 3, "percent_covered": 100.0, "percent_covered_display": "100", "missing_lines": 0, "excluded_lines": 0, "percent_statements_covered": 100.0, "percent_statements_covered_display": "100", "num_branches": 0, "num_partial_branches": 0, "covered_branches": 0, "missing_branches": 0, "percent_branches_covered": 100.0, "percent_branches_covered_display": "100"}, "missing_lines": [], "excluded_lines": [], "start_line": 87, "executed_branches": [], "missing_branches": []}, "FMKWayGainMgr.lock_all": {"executed_lines": [108, 109, 110, 111], "summary": {"covered_lines": 4, "num_statements": 4, "percent_covered": 100.0, "percent_covered_display": "100", "missing_lines": 0, "excluded_lines": 0, "percent_statements_covered": 100.0, "percent_statements_covered_display": "100", "num_branches": 2, "num_partial_branches": 0, "covered_branches": 2, "missing_branches": 0, "percent_branches_covered": 100.0, "percent_branches_covered_display": "100"}, "missing_lines": [], "excluded_lines": [], "start_line": 98, "executed_branches": [[108, -98], [108, 109]], "missing_branches": []}, "FMKWayGainMgr.update_move_v": {"executed_lines": [120, 121, 122, 125], "summary": {"covered_lines": 4, "num_statements": 4, "percent_covered": 100.0, "percent_covered_display": "100", "missing_lines": 0, "excluded_lines": 0, "percent_statements_covered": 100.0, "percent_statements_covered_display": "100", "num_branches": 2, "num_partial_branches": 0, "covered_branches": 2, "missing_branches": 0, "percent_branches_covered": 100.0, "percent_branches_covered_display": "100"}, "missing_lines": [], "excluded_lines": [], "start_line": 113, "executed_branches": [[121, 122], [121, 125]], "missing_branches": []}, "FMKWayGainMgr.modify_key": {"executed_lines": [160, 161], "summary": {"covered_lines": 2, "num_statements": 2, "percent_covered": 100.0, "percent_covered_display": "100", "missing_lines": 0, "excluded_lines": 0, "percent_statements_covered": 100.0, "percent_statements_covered_display": "100", "num_branches": 2, "num_partial_branches": 0, "covered_branches": 2, "missing_branches": 0, "percent_branches_covered": 100.0, "percent_branches_covered_display": "100"}, "missing_lines": [], "excluded_lines": [], "start_line": 128, "executed_branches": [[160, -128], [160, 161]], "missing_branches": []}, "FMKWayGainMgr._set_key": {"executed_lines": [176], "summary": {"covered_lines": 1, "num_statements": 1, "percent_covered": 100.0, "percent_covered_display": "100", "missing_lines": 0, "excluded_lines": 0, "percent_statements_covered": 100.0, "percent_statements_covered_display": "100", "num_branches": 0, "num_partial_branches": 0, "covered_branches": 0, "missing_branches": 0, "percent_branches_covered": 100.0, "percent_branches_covered_display": "100"}, "missing_lines": [], "excluded_lines": [], "start_line": 165, "executed_branches": [], "missing_branches": []}, "": {"executed_lines": [27, 29, 31, 33, 36, 42, 58, 87, 98, 113, 128, 165], "summary": {"covered_lines": 12, "num_statements": 12, "percent_covered": 100.0, "percent_covered_display": "100", "missing_lines": 0, "excluded_lines": 0, "percent_statements_covered": 100.0, "percent_statements_covered_display": "100", "num_branches": 0, "num_partial_branches": 0, "covered_branches": 0, "missing_branches": 0, "percent_branches_covered": 100.0, "percent_branches_covered_display": "100"}, "missing_lines": [], "excluded_lines": [], "start_line": 1, "executed_branches": [], "missing_branches": []}}, "classes": {"FMKWayGainMgr": {"executed_lines": [55, 56, 68, 70, 71, 73, 74, 75, 76, 77, 78, 79, 80, 82, 83, 85, 94, 95, 96, 108, 109, 110, 111, 120, 121, 122, 125, 160, 161, 176], "summary": {"covered_lines": 30, "num_statements": 30, "percent_covered": 100.0, "percent_covered_display": "100", "missing_lines": 0, "excluded_lines": 0, "percent_statements_covered": 100.0, "percent_statements_covered_display": "100", "num_branches": 14, "num_partial_branches": 0, "covered_branches": 14, "missing_branches": 0, "percent_branches_covered": 100.0, "percent_branches_covered_display": "100"}, "missing_lines": [], "excluded_lines": [], "start_line": 36, "executed_branches": [[70, 71], [70, 73], [73, 74], [73, 82], [75, 76], [75, 78], [82, 83], [82, 85], [108, -98], [108, 109], [121, 122], [121, 125], [160, -128], [160, 161]], "missing_branches": []}, "": {"executed_lines": [27, 29, 31, 33, 36, 42, 58, 87, 98, 113, 128, 165], "summary": {"covered_lines": 12, "num_statements": 12, "percent_covered": 100.0, "percent_covered_display": "100", "missing_lines": 0, "excluded_lines": 0, "percent_statements_covered": 100.0, "percent_statements_covered_display": "100", "num_branches": 0, "num_partial_branches": 0, "covered_branches": 0, "missing_branches": 0, "percent_branches_covered": 100.0, "percent_branches_covered_display": "100"}, "missing_lines": [], "excluded_lines": [], "start_line": 1, "executed_branches": [], "missing_branches": []}}}, "src\\ckpttnpy\\FMPartMgr.py": {"executed_lines": [19, 21, 23, 25, 28, 35, 44, 46, 91, 92, 93, 95, 96, 97], "summary": {"covered_lines": 14, "num_statements": 14, "percent_covered": 100.0, "percent_covered_display": "100", "missing_lines": 0, "excluded_lines": 1, "percent_statements_covered": 100.0, "percent_statements_covered_display": "100", "num_branches": 6, "num_partial_branches": 0, "covered_branches": 6, "missing_branches": 0, "percent_branches_covered": 100.0, "percent_branches_covered_display": "100"}, "missing_lines": [], "excluded_lines": [100], "executed_branches": [[91, 92], [91, 95], [92, -46], [92, 93], [96, -46], [96, 97]], "missing_branches": [], "functions": {"FMPartMgr.take_snapshot": {"executed_lines": [44], "summary": {"covered_lines": 1, "num_statements": 1, "percent_covered": 100.0, "percent_covered_display": "100", "missing_lines": 0, "excluded_lines": 0, "percent_statements_covered": 100.0, "percent_statements_covered_display": "100", "num_branches": 0, "num_partial_branches": 0, "covered_branches": 0, "missing_branches": 0, "percent_branches_covered": 100.0, "percent_branches_covered_display": "100"}, "missing_lines": [], "excluded_lines": [], "start_line": 35, "executed_branches": [], "missing_branches": []}, "FMPartMgr.restore_part_info": {"executed_lines": [91, 92, 93, 95, 96, 97], "summary": {"covered_lines": 6, "num_statements": 6, "percent_covered": 100.0, "percent_covered_display": "100", "missing_lines": 0, "excluded_lines": 1, "percent_statements_covered": 100.0, "percent_statements_covered_display": "100", "num_branches": 6, "num_partial_branches": 0, "covered_branches": 6, "missing_branches": 0, "percent_branches_covered": 100.0, "percent_branches_covered_display": "100"}, "missing_lines": [], "excluded_lines": [100], "start_line": 46, "executed_branches": [[91, 92], [91, 95], [92, -46], [92, 93], [96, -46], [96, 97]], "missing_branches": []}, "": {"executed_lines": [19, 21, 23, 25, 28, 35, 46], "summary": {"covered_lines": 7, "num_statements": 7, "percent_covered": 100.0, "percent_covered_display": "100", "missing_lines": 0, "excluded_lines": 0, "percent_statements_covered": 100.0, "percent_statements_covered_display": "100", "num_branches": 0, "num_partial_branches": 0, "covered_branches": 0, "missing_branches": 0, "percent_branches_covered": 100.0, "percent_branches_covered_display": "100"}, "missing_lines": [], "excluded_lines": [], "start_line": 1, "executed_branches": [], "missing_branches": []}}, "classes": {"FMPartMgr": {"executed_lines": [44, 91, 92, 93, 95, 96, 97], "summary": {"covered_lines": 7, "num_statements": 7, "percent_covered": 100.0, "percent_covered_display": "100", "missing_lines": 0, "excluded_lines": 1, "percent_statements_covered": 100.0, "percent_statements_covered_display": "100", "num_branches": 6, "num_partial_branches": 0, "covered_branches": 6, "missing_branches": 0, "percent_branches_covered": 100.0, "percent_branches_covered_display": "100"}, "missing_lines": [], "excluded_lines": [100], "start_line": 28, "executed_branches": [[91, 92], [91, 95], [92, -46], [92, 93], [96, -46], [96, 97]], "missing_branches": []}, "": {"executed_lines": [19, 21, 23, 25, 28, 35, 46], "summary": {"covered_lines": 7, "num_statements": 7, "percent_covered": 100.0, "percent_covered_display": "100", "missing_lines": 0, "excluded_lines": 0, "percent_statements_covered": 100.0, "percent_statements_covered_display": "100", "num_branches": 0, "num_partial_branches": 0, "covered_branches": 0, "missing_branches": 0, "percent_branches_covered": 100.0, "percent_branches_covered_display": "100"}, "missing_lines": [], "excluded_lines": [], "start_line": 1, "executed_branches": [], "missing_branches": []}}}, "src\\ckpttnpy\\HierNetlist.py": {"executed_lines": [24, 26, 27, 30, 35, 37, 55, 65, 72, 106, 117], "summary": {"covered_lines": 11, "num_statements": 27, "percent_covered": 31.428571428571427, "percent_covered_display": "31", "missing_lines": 16, "excluded_lines": 0, "percent_statements_covered": 40.74074074074074, "percent_statements_covered_display": "41", "num_branches": 8, "num_partial_branches": 0, "covered_branches": 0, "missing_branches": 8, "percent_branches_covered": 0.0, "percent_branches_covered_display": "0"}, "missing_lines": [49, 51, 52, 53, 63, 70, 98, 99, 100, 101, 102, 103, 104, 114, 115, 141], "excluded_lines": [], "executed_branches": [], "missing_branches": [[99, 100], [99, 101], [101, -72], [101, 102], [103, 101], [103, 104], [114, -106], [114, 115]], "functions": {"HierNetlist.__init__": {"executed_lines": [], "summary": {"covered_lines": 0, "num_statements": 4, "percent_covered": 0.0, "percent_covered_display": "0", "missing_lines": 4, "excluded_lines": 0, "percent_statements_covered": 0.0, "percent_statements_covered_display": "0", "num_branches": 0, "num_partial_branches": 0, "covered_branches": 0, "missing_branches": 0, "percent_branches_covered": 100.0, "percent_branches_covered_display": "100"}, "missing_lines": [49, 51, 52, 53], "excluded_lines": [], "start_line": 37, "executed_branches": [], "missing_branches": []}, "HierNetlist.get_degree": {"executed_lines": [], "summary": {"covered_lines": 0, "num_statements": 1, "percent_covered": 0.0, "percent_covered_display": "0", "missing_lines": 1, "excluded_lines": 0, "percent_statements_covered": 0.0, "percent_statements_covered_display": "0", "num_branches": 0, "num_partial_branches": 0, "covered_branches": 0, "missing_branches": 0, "percent_branches_covered": 100.0, "percent_branches_covered_display": "100"}, "missing_lines": [63], "excluded_lines": [], "start_line": 55, "executed_branches": [], "missing_branches": []}, "HierNetlist.get_max_degree": {"executed_lines": [], "summary": {"covered_lines": 0, "num_statements": 1, "percent_covered": 0.0, "percent_covered_display": "0", "missing_lines": 1, "excluded_lines": 0, "percent_statements_covered": 0.0, "percent_statements_covered_display": "0", "num_branches": 0, "num_partial_branches": 0, "covered_branches": 0, "missing_branches": 0, "percent_branches_covered": 100.0, "percent_branches_covered_display": "100"}, "missing_lines": [70], "excluded_lines": [], "start_line": 65, "executed_branches": [], "missing_branches": []}, "HierNetlist.projection_down": {"executed_lines": [], "summary": {"covered_lines": 0, "num_statements": 7, "percent_covered": 0.0, "percent_covered_display": "0", "missing_lines": 7, "excluded_lines": 0, "percent_statements_covered": 0.0, "percent_statements_covered_display": "0", "num_branches": 6, "num_partial_branches": 0, "covered_branches": 0, "missing_branches": 6, "percent_branches_covered": 0.0, "percent_branches_covered_display": "0"}, "missing_lines": [98, 99, 100, 101, 102, 103, 104], "excluded_lines": [], "start_line": 72, "executed_branches": [], "missing_branches": [[99, 100], [99, 101], [101, -72], [101, 102], [103, 101], [103, 104]]}, "HierNetlist.projection_up": {"executed_lines": [], "summary": {"covered_lines": 0, "num_statements": 2, "percent_covered": 0.0, "percent_covered_display": "0", "missing_lines": 2, "excluded_lines": 0, "percent_statements_covered": 0.0, "percent_statements_covered_display": "0", "num_branches": 2, "num_partial_branches": 0, "covered_branches": 0, "missing_branches": 2, "percent_branches_covered": 0.0, "percent_branches_covered_display": "0"}, "missing_lines": [114, 115], "excluded_lines": [], "start_line": 106, "executed_branches": [], "missing_branches": [[114, -106], [114, 115]]}, "HierNetlist.get_net_weight": {"executed_lines": [], "summary": {"covered_lines": 0, "num_statements": 1, "percent_covered": 0.0, "percent_covered_display": "0", "missing_lines": 1, "excluded_lines": 0, "percent_statements_covered": 0.0, "percent_statements_covered_display": "0", "num_branches": 0, "num_partial_branches": 0, "covered_branches": 0, "missing_branches": 0, "percent_branches_covered": 100.0, "percent_branches_covered_display": "100"}, "missing_lines": [141], "excluded_lines": [], "start_line": 117, "executed_branches": [], "missing_branches": []}, "": {"executed_lines": [24, 26, 27, 30, 35, 37, 55, 65, 72, 106, 117], "summary": {"covered_lines": 11, "num_statements": 11, "percent_covered": 100.0, "percent_covered_display": "100", "missing_lines": 0, "excluded_lines": 0, "percent_statements_covered": 100.0, "percent_statements_covered_display": "100", "num_branches": 0, "num_partial_branches": 0, "covered_branches": 0, "missing_branches": 0, "percent_branches_covered": 100.0, "percent_branches_covered_display": "100"}, "missing_lines": [], "excluded_lines": [], "start_line": 1, "executed_branches": [], "missing_branches": []}}, "classes": {"HierNetlist": {"executed_lines": [], "summary": {"covered_lines": 0, "num_statements": 16, "percent_covered": 0.0, "percent_covered_display": "0", "missing_lines": 16, "excluded_lines": 0, "percent_statements_covered": 0.0, "percent_statements_covered_display": "0", "num_branches": 8, "num_partial_branches": 0, "covered_branches": 0, "missing_branches": 8, "percent_branches_covered": 0.0, "percent_branches_covered_display": "0"}, "missing_lines": [49, 51, 52, 53, 63, 70, 98, 99, 100, 101, 102, 103, 104, 114, 115, 141], "excluded_lines": [], "start_line": 30, "executed_branches": [], "missing_branches": [[99, 100], [99, 101], [101, -72], [101, 102], [103, 101], [103, 104], [114, -106], [114, 115]]}, "": {"executed_lines": [24, 26, 27, 30, 35, 37, 55, 65, 72, 106, 117], "summary": {"covered_lines": 11, "num_statements": 11, "percent_covered": 100.0, "percent_covered_display": "100", "missing_lines": 0, "excluded_lines": 0, "percent_statements_covered": 100.0, "percent_statements_covered_display": "100", "num_branches": 0, "num_partial_branches": 0, "covered_branches": 0, "missing_branches": 0, "percent_branches_covered": 100.0, "percent_branches_covered_display": "100"}, "missing_lines": [], "excluded_lines": [], "start_line": 1, "executed_branches": [], "missing_branches": []}}}, "src\\ckpttnpy\\MLPartMgr.py": {"executed_lines": [30, 32, 33, 34, 35, 36, 37, 38, 42, 44, 47, 50, 69, 70, 71, 72, 73, 74, 75, 76, 78, 79, 84, 86, 87, 94, 96, 159, 166, 167, 170, 171, 172, 174, 189, 190, 194, 195, 196, 205, 216, 217, 226, 233, 234, 245], "summary": {"covered_lines": 46, "num_statements": 63, "percent_covered": 69.56521739130434, "percent_covered_display": "70", "missing_lines": 17, "excluded_lines": 0, "percent_statements_covered": 73.01587301587301, "percent_statements_covered_display": "73", "num_branches": 6, "num_partial_branches": 2, "covered_branches": 2, "missing_branches": 4, "percent_branches_covered": 33.333333333333336, "percent_branches_covered_display": "33"}, "missing_lines": [181, 182, 185, 186, 187, 191, 192, 200, 201, 202, 203, 204, 206, 207, 209, 210, 211], "excluded_lines": [], "executed_branches": [[190, 194], [194, 195]], "missing_branches": [[190, 191], [194, 209], [203, 204], [203, 209]], "functions": {"MLPartMgr.__init__": {"executed_lines": [69, 70, 71, 72, 73, 74, 75, 76], "summary": {"covered_lines": 8, "num_statements": 8, "percent_covered": 100.0, "percent_covered_display": "100", "missing_lines": 0, "excluded_lines": 0, "percent_statements_covered": 100.0, "percent_statements_covered_display": "100", "num_branches": 0, "num_partial_branches": 0, "covered_branches": 0, "missing_branches": 0, "percent_branches_covered": 100.0, "percent_branches_covered_display": "100"}, "missing_lines": [], "excluded_lines": [], "start_line": 50, "executed_branches": [], "missing_branches": []}, "MLPartMgr.limitsize": {"executed_lines": [94], "summary": {"covered_lines": 1, "num_statements": 1, "percent_covered": 100.0, "percent_covered_display": "100", "missing_lines": 0, "excluded_lines": 0, "percent_statements_covered": 100.0, "percent_statements_covered_display": "100", "num_branches": 0, "num_partial_branches": 0, "covered_branches": 0, "missing_branches": 0, "percent_branches_covered": 100.0, "percent_branches_covered_display": "100"}, "missing_lines": [], "excluded_lines": [], "start_line": 87, "executed_branches": [], "missing_branches": []}, "MLPartMgr.run_FMPartition": {"executed_lines": [159, 174, 189, 190, 194, 195, 196, 205], "summary": {"covered_lines": 8, "num_statements": 20, "percent_covered": 38.46153846153846, "percent_covered_display": "38", "missing_lines": 12, "excluded_lines": 0, "percent_statements_covered": 40.0, "percent_statements_covered_display": "40", "num_branches": 6, "num_partial_branches": 2, "covered_branches": 2, "missing_branches": 4, "percent_branches_covered": 33.333333333333336, "percent_branches_covered_display": "33"}, "missing_lines": [191, 192, 200, 201, 202, 203, 204, 206, 207, 209, 210, 211], "excluded_lines": [], "start_line": 96, "executed_branches": [[190, 194], [194, 195]], "missing_branches": [[190, 191], [194, 209], [203, 204], [203, 209]]}, "MLPartMgr.run_FMPartition.legalcheck_fn": {"executed_lines": [166, 167, 170, 171, 172], "summary": {"covered_lines": 5, "num_statements": 5, "percent_covered": 100.0, "percent_covered_display": "100", "missing_lines": 0, "excluded_lines": 0, "percent_statements_covered": 100.0, "percent_statements_covered_display": "100", "num_branches": 0, "num_partial_branches": 0, "covered_branches": 0, "missing_branches": 0, "percent_branches_covered": 100.0, "percent_branches_covered_display": "100"}, "missing_lines": [], "excluded_lines": [], "start_line": 159, "executed_branches": [], "missing_branches": []}, "MLPartMgr.run_FMPartition.optimize_fn": {"executed_lines": [], "summary": {"covered_lines": 0, "num_statements": 5, "percent_covered": 0.0, "percent_covered_display": "0", "missing_lines": 5, "excluded_lines": 0, "percent_statements_covered": 0.0, "percent_statements_covered_display": "0", "num_branches": 0, "num_partial_branches": 0, "covered_branches": 0, "missing_branches": 0, "percent_branches_covered": 100.0, "percent_branches_covered_display": "100"}, "missing_lines": [181, 182, 185, 186, 187], "excluded_lines": [], "start_line": 174, "executed_branches": [], "missing_branches": []}, "MLBiPartMgr.__init__": {"executed_lines": [226], "summary": {"covered_lines": 1, "num_statements": 1, "percent_covered": 100.0, "percent_covered_display": "100", "missing_lines": 0, "excluded_lines": 0, "percent_statements_covered": 100.0, "percent_statements_covered_display": "100", "num_branches": 0, "num_partial_branches": 0, "covered_branches": 0, "missing_branches": 0, "percent_branches_covered": 100.0, "percent_branches_covered_display": "100"}, "missing_lines": [], "excluded_lines": [], "start_line": 217, "executed_branches": [], "missing_branches": []}, "MLKWayPartMgr.__init__": {"executed_lines": [245], "summary": {"covered_lines": 1, "num_statements": 1, "percent_covered": 100.0, "percent_covered_display": "100", "missing_lines": 0, "excluded_lines": 0, "percent_statements_covered": 100.0, "percent_statements_covered_display": "100", "num_branches": 0, "num_partial_branches": 0, "covered_branches": 0, "missing_branches": 0, "percent_branches_covered": 100.0, "percent_branches_covered_display": "100"}, "missing_lines": [], "excluded_lines": [], "start_line": 234, "executed_branches": [], "missing_branches": []}, "": {"executed_lines": [30, 32, 33, 34, 35, 36, 37, 38, 42, 44, 47, 50, 78, 79, 86, 87, 96, 216, 217, 233, 234], "summary": {"covered_lines": 21, "num_st
[...]
ered": 90.9090909090909, "percent_statements_covered_display": "91", "num_branches": 8, "num_partial_branches": 2, "covered_branches": 6, "missing_branches": 2, "percent_branches_covered": 75.0, "percent_branches_covered_display": "75"}, "missing_lines": [166, 178], "excluded_lines": [], "start_line": 120, "executed_branches": [[161, 168], [170, 175], [170, 211], [177, 180], [192, 193], [192, 199]], "missing_branches": [[161, 166], [177, 178]]}, "PartMgrBase.optimize": {"executed_lines": [222, 223, 224, 225, 226, 227, 228], "summary": {"covered_lines": 7, "num_statements": 7, "percent_covered": 100.0, "percent_covered_display": "100", "missing_lines": 0, "excluded_lines": 0, "percent_statements_covered": 100.0, "percent_statements_covered_display": "100", "num_branches": 2, "num_partial_branches": 0, "covered_branches": 2, "missing_branches": 0, "percent_branches_covered": 100.0, "percent_branches_covered_display": "100"}, "missing_lines": [], "excluded_lines": [], "start_line": 213, "executed_branches": [[227, 222], [227, 228]], "missing_branches": []}, "PartMgrBase._optimize_1pass": {"executed_lines": [277, 279, 281, 283, 285, 288, 292, 294, 295, 297, 300, 303, 305, 307, 309, 310, 312, 318, 320, 322, 324, 326, 328, 330, 332, 335, 337, 339], "summary": {"covered_lines": 28, "num_statements": 28, "percent_covered": 100.0, "percent_covered_display": "100", "missing_lines": 0, "excluded_lines": 0, "percent_statements_covered": 100.0, "percent_statements_covered_display": "100", "num_branches": 12, "num_partial_branches": 0, "covered_branches": 12, "missing_branches": 0, "percent_branches_covered": 100.0, "percent_branches_covered_display": "100"}, "missing_lines": [], "excluded_lines": [], "start_line": 230, "executed_branches": [[285, 288], [285, 332], [294, 295], [294, 297], [297, 300], [297, 309], [300, 303], [300, 307], [309, 310], [309, 318], [332, 335], [332, 339]], "missing_branches": []}, "PartMgrBase.take_snapshot": {"executed_lines": [], "summary": {"covered_lines": 0, "num_statements": 0, "percent_covered": 100.0, "percent_covered_display": "100", "missing_lines": 0, "excluded_lines": 0, "percent_statements_covered": 100.0, "percent_statements_covered_display": "100", "num_branches": 0, "num_partial_branches": 0, "covered_branches": 0, "missing_branches": 0, "percent_branches_covered": 100.0, "percent_branches_covered_display": "100"}, "missing_lines": [], "excluded_lines": [], "start_line": 342, "executed_branches": [], "missing_branches": []}, "PartMgrBase.restore_part_info": {"executed_lines": [], "summary": {"covered_lines": 0, "num_statements": 0, "percent_covered": 100.0, "percent_covered_display": "100", "missing_lines": 0, "excluded_lines": 0, "percent_statements_covered": 100.0, "percent_statements_covered_display": "100", "num_branches": 0, "num_partial_branches": 0, "covered_branches": 0, "missing_branches": 0, "percent_branches_covered": 100.0, "percent_branches_covered_display": "100"}, "missing_lines": [], "excluded_lines": [], "start_line": 353, "executed_branches": [], "missing_branches": []}, "": {"executed_lines": [31, 32, 34, 36, 41, 48, 66, 79, 120, 213, 230, 341, 342, 352, 353], "summary": {"covered_lines": 15, "num_statements": 15, "percent_covered": 100.0, "percent_covered_display": "100", "missing_lines": 0, "excluded_lines": 0, "percent_statements_covered": 100.0, "percent_statements_covered_display": "100", "num_branches": 0, "num_partial_branches": 0, "covered_branches": 0, "missing_branches": 0, "percent_branches_covered": 100.0, "percent_branches_covered_display": "100"}, "missing_lines": [], "excluded_lines": [], "start_line": 1, "executed_branches": [], "missing_branches": []}}, "classes": {"PartMgrBase": {"executed_lines": [60, 61, 62, 63, 64, 75, 76, 77, 114, 116, 118, 157, 161, 168, 170, 175, 177, 180, 182, 184, 186, 190, 192, 193, 199, 201, 203, 205, 207, 209, 211, 222, 223, 224, 225, 226, 227, 228, 277, 279, 281, 283, 285, 288, 292, 294, 295, 297, 300, 303, 305, 307, 309, 310, 312, 318, 320, 322, 324, 326, 328, 330, 332, 335, 337, 339], "summary": {"covered_lines": 66, "num_statements": 68, "percent_covered": 95.65217391304348, "percent_covered_display": "96", "missing_lines": 2, "excluded_lines": 0, "percent_statements_covered": 97.05882352941177, "percent_statements_covered_display": "97", "num_branches": 24, "num_partial_branches": 2, "covered_branches": 22, "missing_branches": 2, "percent_branches_covered": 91.66666666666667, "percent_branches_covered_display": "92"}, "missing_lines": [166, 178], "excluded_lines": [], "start_line": 41, "executed_branches": [[75, 76], [75, 77], [161, 168], [170, 175], [170, 211], [177, 180], [192, 193], [192, 199], [227, 222], [227, 228], [285, 288], [285, 332], [294, 295], [294, 297], [297, 300], [297, 309], [300, 303], [300, 307], [309, 310], [309, 318], [332, 335], [332, 339]], "missing_branches": [[161, 166], [177, 178]]}, "": {"executed_lines": [31, 32, 34, 36, 41, 48, 66, 79, 120, 213, 230, 341, 342, 352, 353], "summary": {"covered_lines": 15, "num_statements": 15, "percent_covered": 100.0, "percent_covered_display": "100", "missing_lines": 0, "excluded_lines": 0, "percent_statements_covered": 100.0, "percent_statements_covered_display": "100", "num_branches": 0, "num_partial_branches": 0, "covered_branches": 0, "missing_branches": 0, "percent_branches_covered": 100.0, "percent_branches_covered_display": "100"}, "missing_lines": [], "excluded_lines": [], "start_line": 1, "executed_branches": [], "missing_branches": []}}}, "src\\ckpttnpy\\__init__.py": {"executed_lines": [1, 3, 9, 11, 12, 16, 19], "summary": {"covered_lines": 7, "num_statements": 7, "percent_covered": 100.0, "percent_covered_display": "100", "missing_lines": 0, "excluded_lines": 4, "percent_statements_covered": 100.0, "percent_statements_covered_display": "100", "num_branches": 0, "num_partial_branches": 0, "covered_branches": 0, "missing_branches": 0, "percent_branches_covered": 100.0, "percent_branches_covered_display": "100"}, "missing_lines": [], "excluded_lines": [5, 7, 13, 14], "executed_branches": [], "missing_branches": [], "functions": {"": {"executed_lines": [1, 3, 9, 11, 12, 16, 19], "summary": {"covered_lines": 7, "num_statements": 7, "percent_covered": 100.0, "percent_covered_display": "100", "missing_lines": 0, "excluded_lines": 4, "percent_statements_covered": 100.0, "percent_statements_covered_display": "100", "num_branches": 0, "num_partial_branches": 0, "covered_branches": 0, "missing_branches": 0, "percent_branches_covered": 100.0, "percent_branches_covered_display": "100"}, "missing_lines": [], "excluded_lines": [5, 7, 13, 14], "start_line": 1, "executed_branches": [], "missing_branches": []}}, "classes": {"": {"executed_lines": [1, 3, 9, 11, 12, 16, 19], "summary": {"covered_lines": 7, "num_statements": 7, "percent_covered": 100.0, "percent_covered_display": "100", "missing_lines": 0, "excluded_lines": 4, "percent_statements_covered": 100.0, "percent_statements_covered_display": "100", "num_branches": 0, "num_partial_branches": 0, "covered_branches": 0, "missing_branches": 0, "percent_branches_covered": 100.0, "percent_branches_covered_display": "100"}, "missing_lines": [], "excluded_lines": [5, 7, 13, 14], "start_line": 1, "executed_branches": [], "missing_branches": []}}}, "src\\ckpttnpy\\min_cover.py": {"executed_lines": [32, 34, 35, 37, 39, 40, 43, 82, 97, 146, 222, 280, 313, 318], "summary": {"covered_lines": 14, "num_statements": 99, "percent_covered": 10.071942446043165, "percent_covered_display": "10", "missing_lines": 85, "excluded_lines": 0, "percent_statements_covered": 14.141414141414142, "percent_statements_covered_display": "14", "num_branches": 40, "num_partial_branches": 0, "covered_branches": 0, "missing_branches": 40, "percent_branches_covered": 0.0, "percent_branches_covered_display": "0"}, "missing_lines": [83, 84, 85, 86, 87, 88, 89, 91, 93, 94, 128, 130, 131, 136, 137, 138, 139, 140, 141, 143, 185, 186, 188, 189, 190, 191, 193, 194, 195, 196, 197, 198, 199, 200, 201, 202, 203, 204, 206, 208, 209, 210, 211, 212, 213, 214, 216, 217, 218, 219, 257, 261, 262, 263, 264, 265, 266, 267, 268, 271, 272, 273, 274, 275, 277, 320, 322, 323, 325, 329, 331, 336, 337, 338, 339, 340, 341, 343, 344, 346, 347, 348, 349, 350, 351], "excluded_lines": [], "executed_branches": [], "missing_branches": [[86, 87], [86, 93], [87, 88], [87, 91], [139, 140], [139, 143], [140, 139], [140, 141], [188, 189], [188, 193], [190, 188], [190, 191], [194, 195], [194, 216], [195, 194], [195, 196], [198, 199], [198, 201], [201, 195], [201, 202], [202, 203], [202, 204], [206, 208], [206, 212], [210, 211], [210, 212], [212, 201], [212, 213], [264, 265], [264, 271], [265, 264], [265, 266], [272, 273], [272, 277], [273, 274], [273, 275], [338, 339], [338, 340], [340, 341], [340, 343]], "functions": {"setup": {"executed_lines": [82], "summary": {"covered_lines": 1, "num_statements": 11, "percent_covered": 6.666666666666667, "percent_covered_display": "7", "missing_lines": 10, "excluded_lines": 0, "percent_statements_covered": 9.090909090909092, "percent_statements_covered_display": "9", "num_branches": 4, "num_partial_branches": 0, "covered_branches": 0, "missing_branches": 4, "percent_branches_covered": 0.0, "percent_branches_covered_display": "0"}, "missing_lines": [83, 84, 85, 86, 87, 88, 89, 91, 93, 94], "excluded_lines": [], "start_line": 43, "executed_branches": [], "missing_branches": [[86, 87], [86, 93], [87, 88], [87, 91]]}, "construct_graph": {"executed_lines": [], "summary": {"covered_lines": 0, "num_statements": 10, "percent_covered": 0.0, "percent_covered_display": "0", "missing_lines": 10, "excluded_lines": 0, "percent_statements_covered": 0.0, "percent_statements_covered_display": "0", "num_branches": 4, "num_partial_branches": 0, "covered_branches": 0, "missing_branches": 4, "percent_branches_covered": 0.0, "percent_branches_covered_display": "0"}, "missing_lines": [128, 130, 131, 136, 137, 138, 139, 140, 141, 143], "excluded_lines": [], "start_line": 97, "executed_branches": [], "missing_branches": [[139, 140], [139, 143], [140, 139], [140, 141]]}, "purge_duplicate_nets": {"executed_lines": [], "summary": {"covered_lines": 0, "num_statements": 30, "percent_covered": 0.0, "percent_covered_display": "0", "missing_lines": 30, "excluded_lines": 0, "percent_statements_covered": 0.0, "percent_statements_covered_display": "0", "num_branches": 20, "num_partial_branches": 0, "covered_branches": 0, "missing_branches": 20, "percent_branches_covered": 0.0, "percent_branches_covered_display": "0"}, "missing_lines": [185, 186, 188, 189, 190, 191, 193, 194, 195, 196, 197, 198, 199, 200, 201, 202, 203, 204, 206, 208, 209, 210, 211, 212, 213, 214, 216, 217, 218, 219], "excluded_lines": [], "start_line": 146, "executed_branches": [], "missing_branches": [[188, 189], [188, 193], [190, 188], [190, 191], [194, 195], [194, 216], [195, 194], [195, 196], [198, 199], [198, 201], [201, 195], [201, 202], [202, 203], [202, 204], [206, 208], [206, 212], [210, 211], [210, 212], [212, 201], [212, 213]]}, "reconstruct_graph": {"executed_lines": [], "summary": {"covered_lines": 0, "num_statements": 15, "percent_covered": 0.0, "percent_covered_display": "0", "missing_lines": 15, "excluded_lines": 0, "percent_statements_covered": 0.0, "percent_statements_covered_display": "0", "num_branches": 8, "num_partial_branches": 0, "covered_branches": 0, "missing_branches": 8, "percent_branches_covered": 0.0, "percent_branches_covered_display": "0"}, "missing_lines": [257, 261, 262, 263, 264, 265, 266, 267, 268, 271, 272, 273, 274, 275, 277], "excluded_lines": [], "start_line": 222, "executed_branches": [], "missing_branches": [[264, 265], [264, 271], [265, 264], [265, 266], [272, 273], [272, 277], [273, 274], [273, 275]]}, "contract_subgraph": {"executed_lines": [313, 318], "summary": {"covered_lines": 2, "num_statements": 22, "percent_covered": 7.6923076923076925, "percent_covered_display": "8", "missing_lines": 20, "excluded_lines": 0, "percent_statements_covered": 9.090909090909092, "percent_statements_covered_display": "9", "num_branches": 4, "num_partial_branches": 0, "covered_branches": 0, "missing_branches": 4, "percent_branches_covered": 0.0, "percent_branches_covered_display": "0"}, "missing_lines": [320, 322, 323, 325, 329, 331, 336, 337, 338, 339, 340, 341, 343, 344, 346, 347, 348, 349, 350, 351], "excluded_lines": [], "start_line": 280, "executed_branches": [], "missing_branches": [[338, 339], [338, 340], [340, 341], [340, 343]]}, "": {"executed_lines": [32, 34, 35, 37, 39, 40, 43, 97, 146, 222, 280], "summary": {"covered_lines": 11, "num_statements": 11, "percent_covered": 100.0, "percent_covered_display": "100", "missing_lines": 0, "excluded_lines": 0, "percent_statements_covered": 100.0, "percent_statements_covered_display": "100", "num_branches": 0, "num_partial_branches": 0, "covered_branches": 0, "missing_branches": 0, "percent_branches_covered": 100.0, "percent_branches_covered_display": "100"}, "missing_lines": [], "excluded_lines": [], "start_line": 1, "executed_branches": [], "missing_branches": []}}, "classes": {"": {"executed_lines": [32, 34, 35, 37, 39, 40, 43, 82, 97, 146, 222, 280, 313, 318], "summary": {"covered_lines": 14, "num_statements": 99, "percent_covered": 10.071942446043165, "percent_covered_display": "10", "missing_lines": 85, "excluded_lines": 0, "percent_statements_covered": 14.141414141414142, "percent_statements_covered_display": "14", "num_branches": 40, "num_partial_branches": 0, "covered_branches": 0, "missing_branches": 40, "percent_branches_covered": 0.0, "percent_branches_covered_display": "0"}, "missing_lines": [83, 84, 85, 86, 87, 88, 89, 91, 93, 94, 128, 130, 131, 136, 137, 138, 139, 140, 141, 143, 185, 186, 188, 189, 190, 191, 193, 194, 195, 196, 197, 198, 199, 200, 201, 202, 203, 204, 206, 208, 209, 210, 211, 212, 213, 214, 216, 217, 218, 219, 257, 261, 262, 263, 264, 265, 266, 267, 268, 271, 272, 273, 274, 275, 277, 320, 322, 323, 325, 329, 331, 336, 337, 338, 339, 340, 341, 343, 344, 346, 347, 348, 349, 350, 351], "excluded_lines": [], "start_line": 1, "executed_branches": [], "missing_branches": [[86, 87], [86, 93], [87, 88], [87, 91], [139, 140], [139, 143], [140, 139], [140, 141], [188, 189], [188, 193], [190, 188], [190, 191], [194, 195], [194, 216], [195, 194], [195, 196], [198, 199], [198, 201], [201, 195], [201, 202], [202, 203], [202, 204], [206, 208], [206, 212], [210, 211], [210, 212], [212, 201], [212, 213], [264, 265], [264, 271], [265, 264], [265, 266], [272, 273], [272, 277], [273, 274], [273, 275], [338, 339], [338, 340], [340, 341], [340, 343]]}}}, "src\\ckpttnpy\\skeleton.py": {"executed_lines": [23, 24, 25, 27, 29, 30, 31, 33, 43, 52, 53, 54, 55, 56, 65, 75, 76, 81, 82, 90, 98, 101, 107, 108, 116, 126, 127, 128, 129, 130, 133], "summary": {"covered_lines": 31, "num_statements": 32, "percent_covered": 97.05882352941177, "percent_covered_display": "97", "missing_lines": 1, "excluded_lines": 2, "percent_statements_covered": 96.875, "percent_statements_covered_display": "97", "num_branches": 2, "num_partial_branches": 0, "covered_branches": 2, "missing_branches": 0, "percent_branches_covered": 100.0, "percent_branches_covered_display": "100"}, "missing_lines": [138], "excluded_lines": [141, 152], "executed_branches": [[54, 55], [54, 56]], "missing_branches": [], "functions": {"fib": {"executed_lines": [52, 53, 54, 55, 56], "summary": {"covered_lines": 5, "num_statements": 5, "percent_covered": 100.0, "percent_covered_display": "100", "missing_lines": 0, "excluded_lines": 0, "percent_statements_covered": 100.0, "percent_statements_covered_display": "100", "num_branches": 2, "num_partial_branches": 0, "covered_branches": 2, "missing_branches": 0, "percent_branches_covered": 100.0, "percent_branches_covered_display": "100"}, "missing_lines": [], "excluded_lines": [], "start_line": 43, "executed_branches": [[54, 55], [54, 56]], "missing_branches": []}, "parse_args": {"executed_lines": [75, 76, 81, 82, 90, 98], "summary": {"covered_lines": 6, "num_statements": 6, "percent_covered": 100.0, "percent_covered_display": "100", "missing_lines": 0, "excluded_lines": 0, "percent_statements_covered": 100.0, "percent_statements_covered_display": "100", "num_branches": 0, "num_partial_branches": 0, "covered_branches": 0, "missing_branches": 0, "percent_branches_covered": 100.0, "percent_branches_covered_display": "100"}, "missing_lines": [], "excluded_lines": [], "start_line": 65, "executed_branches": [], "missing_branches": []}, "setup_logging": {"executed_lines": [107, 108], "summary": {"covered_lines": 2, "num_statements": 2, "percent_covered": 100.0, "percent_covered_display": "100", "missing_lines": 0, "excluded_lines": 0, "percent_statements_covered": 100.0, "percent_statements_covered_display": "100", "num_branches": 0, "num_partial_branches": 0, "covered_branches": 0, "missing_branches": 0, "percent_branches_covered": 100.0, "percent_branches_covered_display": "100"}, "missing_lines": [], "excluded_lines": [], "start_line": 101, "executed_branches": [], "missing_branches": []}, "main": {"executed_lines": [126, 127, 128, 129, 130], "summary": {"covered_lines": 5, "num_statements": 5, "percent_covered": 100.0, "percent_covered_display": "100", "missing_lines": 0, "excluded_lines": 0, "percent_statements_covered": 100.0, "percent_statements_covered_display": "100", "num_branches": 0, "num_partial_branches": 0, "covered_branches": 0, "missing_branches": 0, "percent_branches_covered": 100.0, "percent_branches_covered_display": "100"}, "missing_lines": [], "excluded_lines": [], "start_line": 116, "executed_branches": [], "missing_branches": []}, "run": {"executed_lines": [], "summary": {"covered_lines": 0, "num_statements": 1, "percent_covered": 0.0, "percent_covered_display": "0", "missing_lines": 1, "excluded_lines": 0, "percent_statements_covered": 0.0, "percent_statements_covered_display": "0", "num_branches": 0, "num_partial_branches": 0, "covered_branches": 0, "missing_branches": 0, "percent_branches_covered": 100.0, "percent_branches_covered_display": "100"}, "missing_lines": [138], "excluded_lines": [], "start_line": 133, "executed_branches": [], "missing_branches": []}, "": {"executed_lines": [23, 24, 25, 27, 29, 30, 31, 33, 43, 65, 101, 116, 133], "summary": {"covered_lines": 13, "num_statements": 13, "percent_covered": 100.0, "percent_covered_display": "100", "missing_lines": 0, "excluded_lines": 2, "percent_statements_covered": 100.0, "percent_statements_covered_display": "100", "num_branches": 0, "num_partial_branches": 0, "covered_branches": 0, "missing_branches": 0, "percent_branches_covered": 100.0, "percent_branches_covered_display": "100"}, "missing_lines": [], "excluded_lines": [141, 152], "start_line": 1, "executed_branches": [], "missing_branches": []}}, "classes": {"": {"executed_lines": [23, 24, 25, 27, 29, 30, 31, 33, 43, 52, 53, 54, 55, 56, 65, 75, 76, 81, 82, 90, 98, 101, 107, 108, 116, 126, 127, 128, 129, 130, 133], "summary": {"covered_lines": 31, "num_statements": 32, "percent_covered": 97.05882352941177, "percent_covered_display": "97", "missing_lines": 1, "excluded_lines": 2, "percent_statements_covered": 96.875, "percent_statements_covered_display": "97", "num_branches": 2, "num_partial_branches": 0, "covered_branches": 2, "missing_branches": 0, "percent_branches_covered": 100.0, "percent_branches_covered_display": "100"}, "missing_lines": [138], "excluded_lines": [141, 152], "start_line": 1, "executed_branches": [[54, 55], [54, 56]], "missing_branches": []}}}}, "totals": {"covered_lines": 729, "num_statements": 871, "percent_covered": 82.32280102476516, "percent_covered_display": "82", "missing_lines": 142, "excluded_lines": 9, "percent_statements_covered": 83.69690011481056, "percent_statements_covered_display": "84", "num_branches": 300, "num_partial_branches": 5, "covered_branches": 235, "missing_branches": 65, "percent_branches_covered": 78.33333333333333, "percent_branches_covered_display": "78"}}